Tue Jan 18 09:54:20 1994  jcoop  (jcoop@algol.ksc.nasa.gov)

	* wvcoding.c: Initial revision

	* wvheader.c: Use new version number scheme on X-Mailer header line

Mon Jan 17 21:56:15 1994  jcoop  (jcoop@algol.ksc.nasa.gov)

	* winvn.c:
	New font/color and INI file routines.  Sig file and en/decoding inits

	* wvglob.h:
	New entries for colors/fonts, sig files, attachments, decoding

	* wvutil.c:
	Decoder integration, lots of new utilities (fonts/colors, etc)

	* winvn.rc:
	Menus and dialogs for fonts/colors, attachments, decodes, sig files, etc

Sun Jan 16 12:23:43 1994  jcoop  (jcoop@algol.ksc.nasa.gov)

	* wvart.c: New font/color painting.  no longer use view_art_by_id

	* wvtxtblk.c, wvcodewn.c, wvattach.c: Initial revision

	* wvusenet.c:
	Color/fonts, signatures, exit INI handling, general cleanup

	* wvfile.c:
	Mod to MRRWriteLine to allow unsigned size (65536 byte) writes

	* wvcncm.c:
	INI stuff now all written in winvn.c.  New dialogs for en/decoding

	* winvn.h: Declarations for jcoop's new stuff

Sat Jan 15 23:53:22 1994  jcoop  (jcoop@algol.ksc.nasa.gov)

	* wvdlg.h: constants for new jcoop dialogs - attachments, etc

	* wvgroup.c: Colors/fonts, integrated decoding, general cleanup

	* wvprint.c:
	Use GetEditText instead of EM_GETHANDLE with global editWnds

	* wvpost.c: Attachments, font/colors, global editWnd

	* wvmail.c: Attachments, color/font, global editWnd, bugfix in WM_SEND

	* wvheader.c: Font/color stuff and signature file handling

Wed Jan 12 19:47:29 1994  Sam Rushing  (rushing@algol.ksc.nasa.gov)

	* winvn.rc: WINVN_VERSION define eliminated by AppStudio
	.,

Wed Jan 12 19:46:06 1994  cedwards  (cedwards@algol.ksc.nasa.gov)

	* wvutil.c: fullnamefrom not working with XHDR

Wed Jan 12 19:27:55 1994  mrr  (mrr@algol.ksc.nasa.gov)

	* wvdlg.h, wvutil.c, wvblock.c, wvcncm.c, wvfile.c, wvscreen.c, wvusenet.c:
	mrr mods 4

	* resource.h: Initial revision

	* winvn.h, winvn.rc, wvglob.h, wvlist.c, winvn.c: mrr mods 4

Tue Jan 11 18:51:45 1994  cnolan  (cnolan@algol.ksc.nasa.gov)

	* wvpost.c: from cnolan (missing changes)

	* wvmail.c: from conor nolan (missed changes)

Wed Jan  5 22:36:43 1994  mrr  (mrr@algol.ksc.nasa.gov)

	* wvglob.h: BLOCK_SIZE=4096

Wed Jan  5 22:36:05 1994  Sam Rushing  (rushing@algol.ksc.nasa.gov)

	* wvutil.c: off by one bug in PutCommLine ("XOVER\r", 5) fixed
	l.

Mon Dec 27 20:16:15 1993  jcoop  (jcoop@algol.ksc.nasa.gov)

	* wvgroup.c: copied wrong string into CurrentGroup for ST_GROUP_REJOIN

Mon Dec 27 20:13:46 1993  mrr  (mrr@algol.ksc.nasa.gov)

	* wvcrypt.c: fixed memory management bug

Mon Dec 27 20:04:17 1993  Sam Rushing  (rushing@algol.ksc.nasa.gov)

	* wvsckpwk.c: cr lf, again

Wed Dec  8 20:21:15 1993  Jim Dumoulin  (dumoulin@algol.ksc.nasa.gov)

	* wvglob.h, wvgroup.c:
	Added support for using Shift-Mouse-Left inplace of Mouse-Middle and
	support for dragging mouse to set article Seen flag

Wed Dec  8 02:37:29 1993  Sam Rushing  (rushing@algol.ksc.nasa.gov)

	* winvn.dlg: added names

	* wvsckpwk.c, winvn.h, winvn.rc, wvdlg.h, wvglob.h, wvmapi.h, shellsor.c, wvart.c, wvauth.c, wvcrypt.c, wvlist.c, wvmail.c, wvmapi.c, wvprint.c, ini_news.c, wvpost.c, wvsckstd.c, wvscreen.c, wvusenet.c, wvutil.c, headarry.c, winvn.c, wvblock.c, wvcncm.c, wvfile.c, wvgroup.c, wvheader.c:
	new version box and cr lf consistency

	* winvn.dlg: new version box

Tue Dec  7 20:24:43 1993  Sam Rushing  (rushing@algol.ksc.nasa.gov)

	* wvusenet.c: testing new ID.

	* wvdlg.h: added IDD_SHOWVERSION

	* wvsckstd.c, wvsckpwk.c: PutCommLine should EOL with CR LF

Wed Dec  1 23:24:06 1993  Sam Rushing  (rushing@algol.ksc.nasa.gov)

	* wvutil.c: off by one on date problem shows up dec. 1.

Wed Nov 24 23:07:20 1993  Sam Rushing  (rushing@algol.ksc.nasa.gov)

	* wvutil.c: let the user know about access trouble

Mon Nov 22 20:30:50 1993  Sam Rushing  (rushing@algol.ksc.nasa.gov)

	* wvutil.c: handle mixed-case dates

Sat Oct 23 00:29:33 1993  Sam Rushing  (rushing@algol.ksc.nasa.gov)

	* winvn.dlg: add MRR's authinfo stuff back in

Tue Oct 12 17:47:26 1993  Sam Rushing  (rushing@algol.ksc.nasa.gov)

	* wvlist.c, wvusenet.c:
	make winvn grok servers that start article numbers at 0

	* wvsckpwk.c: trying to get around pathworks tcp checksum bug,
	integrated finken's lwp version of sock_strerror()

Sun Sep 12 20:26:52 1993  Sam Rushing  (rushing@algol.ksc.nasa.gov)

	* wvusenet.c, wvsckpwk.c: handle can't connect condition

Wed Sep  8 22:38:18 1993  Sam Rushing  (rushing@algol.ksc.nasa.gov)

	* winvn.dlg: added demand logon option to winvncomm dialog

	* wvgroup.c:
	correctly handle empty newsgroup windows destruction (cnolan)

	* wvsckpwk.c:
	handle failure of select, correctly order commstate setting

Wed Aug 25 19:13:09 1993  mbretherton  (mbretherton@algol.ksc.nasa.gov)

	* winvn.dlg: MRB merge.  added logoptions dialog

	* winvn.rc: MRB merge

	* winvn.c, wvglob.h, wvart.c, wvdlg.h, wvfile.c, wvgroup.c, wvmail.c, wvmapi.c, wvusenet.c, winvn.h, wvcncm.c, wvheader.c, wvpost.c, wvsckstd.c, wvutil.c:
	MRB merge, mail & post logging

Wed Aug 25 17:23:05 1993  DUMOULIN  (DUMOULIN@algol.ksc.nasa.gov)

	* winvn.dlg: updated version number

Wed Aug 25 17:05:17 1993  mbretherton  (mbretherton@algol.ksc.nasa.gov)

	* wvcncm.c, wvpost.c, wvutil.c: merge from first newsrc.zip

	* winvn.h: merge from first newsrc.zip
	,

Tue Aug 24 17:57:22 1993  Sam Rushing  (rushing@algol.ksc.nasa.gov)

	* wvgroup.c: check for valid header element in article_operation

Wed Aug 18 21:51:13 1993  Sam Rushing  (rushing@algol.ksc.nasa.gov)

	* wvlist.c: more 16-bit article number fixes

	* wvsckpwk.c: try to handle lost connection gracefully

	* winvn.h, wvglob.h, wvusenet.c, wvutil.c:
	more 16-bit article number fixes.

Tue Aug 17 21:53:06 1993  UNKNOWN  (UNKNOWN@algol.ksc.nasa.gov)

	* wvheader.c: Updated version to Version 0.82 (JD)

Tue Aug 17 21:48:44 1993  Jim Dumoulin  (dumoulin@algol.ksc.nasa.gov)

	* wvglob.h: Added variable for Mouse Dragging

Tue Aug 17 21:46:49 1993  DUMOULIN  (DUMOULIN@algol.ksc.nasa.gov)

	* wvusenet.c:
	Added support for Dragging mouse for selecting/deselecting Usenet groups

Thu Aug 12 22:37:51 1993  Jim Dumoulin  (dumoulin@algol.ksc.nasa.gov)

	* wvgroup.c: Added Mouse dragging to select/deselect code

Mon Aug  9 17:57:47 1993  Jim Dumoulin  (dumoulin@algol.ksc.nasa.gov)

	* wvprint.c: Fix to AbortProc and PrintArticle to fix GPFs

Thu Aug  5 21:39:43 1993  Sam Rushing  (rushing@algol.ksc.nasa.gov)

	* wvsckpwk.c: check for ENOTCONN (not connected) in send()

	* winvn.dlg: added winvnsavearts dialog (really jcoop)

Thu Aug  5 20:06:07 1993  jcoop  (jcoop@algol.ksc.nasa.gov)

	* winvn.c, winvn.h, winvn.rc, wvart.c, wvcncm.c, wvglob.h, wvgroup.c, wvutil.c:
	save multiple articles changes by jcoop@oakb2s01.apl.com (John S Cooper)

Thu Aug  5 19:57:01 1993  Sam Rushing  (rushing@algol.ksc.nasa.gov)

	* winvn.rc: added include for 'errno.rc' for winsock

Thu Aug  5 15:46:42 1993  Jim Dumoulin  (dumoulin@algol.ksc.nasa.gov)

	* wvprint.c: Rewrote PrintArticle to solve print crashes

Mon Jul 26 20:50:30 1993  Sam Rushing  (rushing@algol.ksc.nasa.gov)

	* wvsckpwk.c: attempt to stop hangs with pathworks dll

Wed Jul 14 23:36:53 1993  Sam Rushing  (rushing@algol.ksc.nasa.gov)

	* wvsckstd.c: added missing return(1)'s to smtp stuff.

Tue Jul 13 22:11:31 1993  Sam Rushing  (rushing@algol.ksc.nasa.gov)

	* wvheader.c: strncpy crashing in parseaddress

Tue Jul 13 16:04:22 1993  riordan  (riordan@algol.ksc.nasa.gov)

	* winvn.dlg, wvcrypt.c: Initial revision

	* winvn.c, winvn.h, wvcncm.c, wvdlg.h, wvglob.h, wvsckstd.c, wvutil.c:
	MRR mods

Fri Jul  9 19:13:36 1993  Sam Rushing  (rushing@algol.ksc.nasa.gov)

	* wvglob.h: alignment problem.  Sigh.

Thu Jul  8 19:41:06 1993  Sam Rushing  (rushing@algol.ksc.nasa.gov)

	* shellsor.c: fixed unsigned bug again.  strange.

	* wvsckstd.c: added winsock error code stuff

Wed Jul  7 19:52:22 1993  Sam Rushing  (rushing@algol.ksc.nasa.gov)

	* ini_news.c: check value returned from getenv for NULL

Tue Jul  6 21:09:50 1993  cnolan  (cnolan@algol.ksc.nasa.gov)

	* wvart.c, wvgroup.c, wvheader.c, wvpost.c, wvusenet.c, shellsor.c, winvn.c, winvn.h, wvfile.c, wvglob.h, wvprint.c:
	win32 support

Tue Jul  6 20:53:23 1993  Sam Rushing  (rushing@algol.ksc.nasa.gov)

	* wvscreen.c: type fixed

Tue Jul  6 20:52:28 1993  cnolan  (cnolan@algol.ksc.nasa.gov)

	* wvscreen.c: win32 changes

Tue Jul  6 17:11:56 1993  Sam Rushing  (rushing@algol.ksc.nasa.gov)

	* wvpost.c: plugged doeditcommand in to posting window.

Tue Jun 29 20:06:34 1993  Sam Rushing  (rushing@algol.ksc.nasa.gov)

	* shellsor.c: fixed unsigned/signed bug
	.,

	* wvheader.c: use localtime for Date header

	* wvsckstd.c: removed ioctlsocket call

	* wvmail.c: make smtp headers have Date: header

	* wvheader.c: correct rfc822/rfc1036 MakeArtHeaderDate function

Mon Jun 28 17:53:24 1993  Sam Rushing  (rushing@algol.ksc.nasa.gov)

	* shellsor.c, wvblock.c, wvglob.h, wvgroup.c, wvlist.c, wvmapi.c, wvpost.c, wvutil.c, winvn.h, wvmail.c, wvsckstd.c, wvscreen.c, wvusenet.c:
	fixed compiler warnings

	* wvheader.c: warnings

Sat Jun 26 00:53:33 1993  Sam Rushing  (rushing@algol.ksc.nasa.gov)

	* wvart.c, wvcncm.c: warnings

Fri Jun 25 20:59:53 1993  Jim Dumoulin  (dumoulin@algol.ksc.nasa.gov)

	* wvsckpwk.c: Fixed compiler warnings

	* wvcncm.c: Cleaned up compiler warnings

	* headarry.c: Change dates from strings to Posix standard date formats

	* wvglob.h, winvn.h:
	Added StringDate to support POSIX standard numeric dates

	* wvgroup.c: changed dates from strings to POSIX standard numeric dates

	* wvutil.c:
	Changed Date fields from Strings to Posix standard time format

	* winvn.c: Cleaned up Compiler Warnings

Thu Jun 24 17:13:14 1993  riordan  (riordan@algol.ksc.nasa.gov)

	* winvn.c, winvn.h, winvn.rc, wvgroup.c, wvusenet.c:
	Save window positions between sessions.

Thu Jun 24 17:07:05 1993  Jim Dumoulin  (dumoulin@algol.ksc.nasa.gov)

	* wvlist.c: avoid max new groups > MAXGROUPS crash.

Tue Jun 22 19:44:42 1993  Sam Rushing  (rushing@algol.ksc.nasa.gov)

	* wvcncm.c: fixed IDD_MAIL_SELECT_AUTO

	* wvmapi.c: reverse logic of MailDemandLogon

	* wvcncm.c, wvdlg.h, wvmail.c, wvglob.h:
	mail force type selection via dialog

	* wvheader.c: remove warnings

	* wvdlg.h: added ID's for MailForceType

Tue Jun 22 16:46:33 1993  bretherton  (bretherton@algol.ksc.nasa.gov)

	* wvheader.c: robust parse_address

	* wvmail.c, wvart.c: *** empty log message ***

	* wvglob.h:
	remove mail type MT_POP add enable forward menus seperate from mail

	* wvgroup.c: save one character on sprintf for date

	* wvutil.c: auto close on posting window

Tue Jun 22 16:16:13 1993  Sam Rushing  (rushing@algol.ksc.nasa.gov)

	* wvlist.c: raised MAXGROUPS (really MAXNEWGROUPS)

	* wvglob.h: unsigned long for article number

	* wvgroup.c: unsigned long in sprintf

Tue Jun 22 15:36:05 1993  Jim Dumoulin  (dumoulin@algol.ksc.nasa.gov)

	* wvmapi.c:
	Don't display MAPI error message when a user cancels his/her own message

	* wvutil.c: Fixed problems with article numbers larger than 32K

Sat Jun 19 18:40:17 1993  Jim Dumoulin  (dumoulin@algol.ksc.nasa.gov)

	* wvutil.c:
	Added error routines to handle unsyncd XHDRS from screwed up servers

Tue Jun 15 21:17:43 1993  Sam Rushing  (rushing@algol.ksc.nasa.gov)

	* wvsckstd.c: catch WSAECONNABORTED

	* wvutil.c: headers-> to header-> in two lines.

Mon Jun 14 18:52:13 1993  Sam Rushing  (rushing@algol.ksc.nasa.gov)

	* winvn.rc, wvusenet.c: 'New Posting' menu option added

	* wvgroup.c: better handling of WM_DESTROY to 0-article group window

	* wvglob.h: made the MAILLEN define larger.  48 -> 255

Fri Jun 11 03:24:28 1993  Sam Rushing  (rushing@algol.ksc.nasa.gov)

	* winvn.rc: put the date menu item back

	* wvsckpwk.c, wvsckstd.c:
	add a separating line between our header and the original

	* wvgroup.c: fixed boneheaded CommDoc bug again

	* wvheader.c: new version number

	* winvn.c, winvn.h, winvn.rc:
	second merge from Matt Bretherton sources.

	* wvart.c, wvglob.h, wvgroup.c, wvheader.c, wvmail.c, wvmapi.c, wvpost.c, wvusenet.c, wvutil.c:
	second merge from Matt Bretherton sources

Thu Jun 10 18:31:08 1993  Sam Rushing  (rushing@algol.ksc.nasa.gov)

	* winvn.rc: added sort menu to group window

	* headarry.c, winvn.h:
	added set_index_to_identity to prepare for writing article ranges

	* wvgroup.c: fixed sort logic and range-writing

	* wvglob.h:
	XOVER support and did_list variable (newsrc&dolist problem fixed)

	* wvutil.c: XOVER support.

	* wvusenet.c: hopefully newsrc&dolist thing is fixed FOR GOOD.

Tue Jun  8 19:42:38 1993  Sam Rushing  (rushing@algol.ksc.nasa.gov)

	* wvutil.c:
	always do the thread_index array so we can sort on other fields.

	* winvn.h: added support for Sort... menu

	* headarry.c: changes to support Sort... menu

	* wvgroup.c: added the Sort... menu

Mon Jun  7 21:36:22 1993  Sam Rushing  (rushing@algol.ksc.nasa.gov)

	* wvgroup.c: fixed subject searches

Sat Jun  5 03:18:25 1993  Sam Rushing  (rushing@algol.ksc.nasa.gov)

	* headarry.c, wvutil.c, wvgroup.c: primitive functional threading.

Fri Jun  4 16:46:44 1993  Sam Rushing  (rushing@algol.ksc.nasa.gov)

	* headarry.c: stable version of shellsort

Tue Jun  1 18:23:17 1993  Sam Rushing  (rushing@algol.ksc.nasa.gov)

	* wvglob.h: moved header funcs to headarry.c

	* wvgroup.c: threading support

	* wvutil.c, winvn.h: moved header funcs to headarry.c

	* headarry.c: Initial revision

Sat May 29 03:32:30 1993  Sam Rushing  (rushing@algol.ksc.nasa.gov)

	* winvn.h, wvart.c, wvglob.h: threading support

Fri May 28 18:23:40 1993  Sam Rushing  (rushing@algol.ksc.nasa.gov)

	* wvart.c, winvn.h: fixed far/huge problem in find_art_by_subject

	* wvglob.h:
	made the #defines for ST_XHDR_SUBJ jive with the other new ones.

	* winvn.c, wvcncm.c, wvdlg.h, wvglob.h:
	Added Misc... option to enable threading

Thu May 27 00:00:09 1993  Sam Rushing  (rushing@algol.ksc.nasa.gov)

	* wvgroup.c: added support for 'mark article as read', and 'catch up'

Wed May 26 23:59:40 1993  Sam Rushing  (rushing@algol.ksc.nasa.gov)

	* wvutil.c:
	reimplemented positioning group window near last read article

	* wvscreen.c:
	fixed page down bug (GPE when #arts < what can fit in window)

	* winvn.rc: Find Next hot key changed.

Tue May 25 00:17:52 1993  Sam Rushing  (rushing@algol.ksc.nasa.gov)

	* winvn.rc: Initial revision

	* wvsckpwk.c: Novell Lan WorkPlace mods (Michael Finken)

	* wvprint.c, wvgroup.c, wvpost.c: rot13 merge (MRB)

Mon May 24 23:57:22 1993  Sam Rushing  (rushing@algol.ksc.nasa.gov)

	* wvglob.h: rot13 merge (MRB)

	* wvutil.c: date formatting for group list window
	and save header size for article repaing (MRB)

	* wvblock.c: Doc->HeaderLines = 0 (MRB)

	* wvusenet.c: Delete Fonts (cleanup before exiting) (MRB)

	* wvheader.c: further refinements to header manipulation
	extend reuse of header formatting capabilities

	* wvheader.c: Further refinements to header manipulation
	extend reuse of header formatting capabilities

	* wvart.c: header formatting (MRB)

	* winvn.h: Header formatting refinements (MRB)

	* winvn.c: Create an Article Italics Font for Quotation lines (MRB)

	* wvcncm.c: change NNTPHost->SMTP Host for Comm... Dialog

Thu May 20 18:12:31 1993  Sam Rushing  (rushing@algol.ksc.nasa.gov)

	* wvusenet.c: don't write out newsrc if Intializing is true

Wed May 19 23:49:53 1993  Sam Rushing  (rushing@algol.ksc.nasa.gov)

	* wvsckpwk.c: smtp support.

	* wvmail.c: notify user after succesfull forward_smtp_message

	* wvgroup.c: range check in ViewArticle (artindex)

Tue May 18 22:11:40 1993  Sam Rushing  (rushing@algol.ksc.nasa.gov)

	* winvn.h, wvart.c, wvmapi.c, winvn.c, wvcncm.c, wvdlg.h, wvglob.h, wvheader.c, wvmail.c, wvsckstd.c:
	smtp support

Thu May 13 20:01:02 1993  SOMEONE  (SOMEONE@algol.ksc.nasa.gov)

	* wvgroup.c: fancy 'from' in group window

Thu May 13 20:00:38 1993  Sam Rushing  (rushing@algol.ksc.nasa.gov)

	* wvglob.h, wvcncm.c: fancy 'from' in group window

Thu May 13 19:58:51 1993  SOMEONE  (SOMEONE@algol.ksc.nasa.gov)

	* wvdlg.h: fancy 'from' in group window

Thu May 13 19:58:35 1993  Sam Rushing  (rushing@algol.ksc.nasa.gov)

	* winvn.c: fancy 'from' in group window

Thu May 13 19:58:09 1993  SOMEONE  (SOMEONE@algol.ksc.nasa.gov)

	* wvutil.c: fancy 'from' in group window

Thu May 13 16:18:00 1993  Sam Rushing  (rushing@algol.ksc.nasa.gov)

	* winvn.c: article fetch limit (ArticleThreshold .ini param) support.

	* wvglob.h: article fetch limit support

	* wvdlg.h: article fetch limit dialog box support

	* winvn.h: article fetch limit support

	* wvcncm.c: article fetch limit dialog box

	* wvutil.c: article fetch limit support

Sat May  8 17:11:54 1993  Sam Rushing  (rushing@algol.ksc.nasa.gov)

	* wvpost.c: correct handling of NNTP data lines beginning with '.'

	* wvutil.c: correct handling of 4XX response codes, and
	of NNTP data lines beginning with '.'

Thu May  6 20:58:15 1993  Sam Rushing  (rushing@algol.ksc.nasa.gov)

	* wvgroup.c:
	call UpdateSeenArts before processing the IDM_UPDATE: message

	* wvheader.c:
	CompareStringNoCase was using _tolower rather than tolower.
	according to c70 docs, _tolower is undefined for letters that
	are not uppercase.  Yikes!

	* wvart.c: added Re: fix from MB

Sat May  1 01:38:17 1993  Sam Rushing  (rushing@algol.ksc.nasa.gov)

	* wvgroup.c: added 'update' feature.  doesn't copy headers yet.

	* winvn.h: added IDM_UPDATE

Fri Apr 30 22:08:01 1993  Sam Rushing  (rushing@algol.ksc.nasa.gov)

	* wvmapi.c: removed newbie-frightening messageboxes

	* wvheader.c: put the X-Newsreader: line back in.

Thu Apr 29 21:42:11 1993  Sam Rushing  (rushing@algol.ksc.nasa.gov)

	* wvutil.c: checked for null from parse_usenet_date on bad date.

	* winvn.c, wvutil.c, wvsckstd.c, wvusenet.c:
	attempted support for WSAAsyncSelect

Tue Apr 27 21:29:23 1993  Sam Rushing  (rushing@algol.ksc.nasa.gov)

	* wvmail.c: added rcs log and id magikstrings

	* wvutil.c:
	clicking on a group that doesn't exist is correctly handled.
	the prematurely created group window is destroyed correctly
	after telling the user it doesn't exist.

	* wvusenet.c: Fixed out-of-date code that killed the timer if
	CommState was ST_NONE.

	* wvusenet.c: attempt to fix newsrc problems.  allow newsrc line with
	no range data.

Fri Apr 23 22:10:48 1993  Sam Rushing  (rushing@algol.ksc.nasa.gov)

	* wvutil.c: added function check_server_code and used it
	to watch for server and other errors, rather
	than just ignoring and crashing 8^)

Tue Mar 30 21:09:07 1993  Sam Rushing  (rushing@algol.ksc.nasa.gov)

	* wvmapi.h, wvmapi.c: Initial revision

Tue Mar 30 21:07:15 1993  DUMOULIN  (DUMOULIN@algol.ksc.nasa.gov)

	* wvusenet.c: handle conflicting MAPI merge problem (with wvsck???.c)
	use ST_NONE instead of ST_CLOSED_COMM

	* wvglob.h, winvn.h, wvusenet.c: MAPI

Tue Mar 30 20:09:08 1993  Sam Rushing  (rushing@algol.ksc.nasa.gov)

	* wvmail.c, wvart.c, wvheader.c, wvgroup.c: MAPI

	* wvglob.h: Added global handle for printer font.

Tue Mar  9 01:28:03 1993  Jim Dumoulin  (dumoulin@algol.ksc.nasa.gov)

	* winvn.c: added support for italic fonts in printing articles

	* wvprint.c: Added italics for quoted regions in prints

Thu Feb 25 03:08:52 1993  Sam Rushing  (rushing@algol.ksc.nasa.gov)

	* wvusenet.c: fixed newsrc truncation when DoList = 0.

Tue Feb 23 23:41:06 1993  Sam Rushing  (rushing@algol.ksc.nasa.gov)

	* wvsckstd.c: more robust handling of unconnected state

Thu Feb 18 20:35:23 1993  Sam Rushing  (rushing@algol.ksc.nasa.gov)

	* wvsckpwk.c: set CommState = ST_NONE after closing socket.

	* wvutil.c, wvsckstd.c:
	set CommState to ST_NONE after closing connection.

Tue Feb 16 22:52:25 1993  Jim Dumoulin  (dumoulin@algol.ksc.nasa.gov)

	* wvprint.c: moved rcs ident comment below file description

Tue Feb 16 21:20:28 1993  Sam Rushing  (rushing@algol.ksc.nasa.gov)

	* wvutil.c: Added a function (initialize_header_array) to ensure
	valid data in the header array in case a WM_PAINT gets
	sent to the group window before the retrieval is finished.

	* winvn.h, wvdlg.h, wvglob.h, wvheader.c, wvlist.c, wvmail.c, wvpost.c, wvprint.c, wvsckpwk.c, wvsckstd.c, wvscreen.c, wvusenet.c, wvutil.c, ini_news.c, shellsor.c, winvn.c, wvart.c, wvauth.c, wvblock.c, wvcncm.c, wvfile.c, wvgroup.c:
	Initial revision

