			    DEA Release v.2.01
			   --------------------


ARCHIVE NAME:    DEA201.ZIP
NUMBER OF FILES: 18

CONTENTS:

	   DEA.EXE                            DEA.DOC
					      DEA.KEY
					      DEA_KEY.ASC
	   GENKEY.EXE
	   KEYVIEW.EXE
	   MFD.EXE
					      REGISTER.USR
					      PROBLEM.RPT
					      NUCLEIC.TXT
					      THOUGHT.TXT
			    LEARN.BAT
			    INSTALL.BAT
	   PACKING.LST                        ZIMMSEZ.TES
	   FILE_ID.DIZ                        INTERNET.CRY
	   CHANGES.TXT
___________________________________________________________________________

