This is TeX, C Version 2.93 (Multilingual) (preloaded format=lplain 90.6.12)  24 NOV 1993 18:51
**&lplain concept
(concept.tex
LaTeX Version 2.09 <15 Sep 1987>
(/usr/local/lib/TeX/texinput/article.sty
Document Style `article'. Released 17 December 1985
(/usr/local/lib/TeX/texinput/art10.sty)
\c@part=\count78
\c@section=\count79
\c@subsection=\count80
\c@subsubsection=\count81
\c@paragraph=\count82
\c@subparagraph=\count83
\c@figure=\count84
\c@table=\count85
) (concept.aux) (concept.toc [1

])
\tf@toc=\write3

(module.tex [2]
Overfull \hbox (38.24666pt too wide) in paragraph at lines 138--138
[]      \tentt "^File has signature.  Public key is required to check signature
.")[] 

\hbox(6.94444+2.22223)x345.0
.\hbox(0.0+0.0)x0.0
.\penalty 10000
.\glue 5.24995
.\penalty 10000
.\glue 5.24995
.etc.


Overfull \hbox (11.99689pt too wide) in paragraph at lines 138--138
[]\tentt (setq pgp-strconst-good-sign "^Good signature from user \".*\"\\.$")[]
 

\hbox(6.94444+2.22223)x345.0
.\hbox(0.0+0.0)x0.0
.\tentt (
.\tentt s
.\tentt e
.\tentt t
.etc.


Overfull \hbox (227.24501pt too wide) in paragraph at lines 138--138
[]\tentt (setq pgp-strconst-bad-sign "^^^GWARNING: Can't find the right public 
key-- can't check signature integrity.$")[] 

\hbox(6.94444+2.22223)x345.0
.\hbox(0.0+0.0)x0.0
.\tentt (
.\tentt s
.\tentt e
.\tentt t
.etc.


Overfull \hbox (6.74693pt too wide) in paragraph at lines 138--138
[]\tentt (setq pgp-strconst-recur-sep "Trying a recursive call to pgp...\n")[] 


\hbox(6.94444+2.22223)x345.0
.\hbox(0.0+0.0)x0.0
.\tentt (
.\tentt s
.\tentt e
.\tentt t
.etc.

[3]
Overfull \hbox (1.49698pt too wide) in paragraph at lines 138--138
[]      \tentt "^File is encrypted.  Secret key is required to read it. $")[] 

\hbox(6.94444+2.22223)x345.0
.\hbox(0.0+0.0)x0.0
.\penalty 10000
.\glue 5.24995
.\penalty 10000
.\glue 5.24995
.etc.


Overfull \hbox (27.74675pt too wide) in paragraph at lines 138--138
[]      \tentt "^^^GYou do not have the secret key needed to decrypt this file.
$")[] 

\hbox(6.94444+2.22223)x345.0
.\hbox(0.0+0.0)x0.0
.\penalty 10000
.\glue 5.24995
.\penalty 10000
.\glue 5.24995
.etc.


Overfull \hbox (64.49643pt too wide) in paragraph at lines 138--138
[]  \tentt "^This message is marked \"For your eyes only\".  Display now (Y/n)\
\? y?$")[] 

\hbox(6.94444+2.22223)x345.0
.\hbox(0.0+0.0)x0.0
.\penalty 10000
.\glue 5.24995
.\penalty 10000
.\glue 5.24995
.etc.


Overfull \hbox (137.99579pt too wide) in paragraph at lines 138--138
[]\tentt (setq pgp-strconst-more-ro "-- Hit space for next screen, Enter for ne
w line, 'Q' to quit --[] 

\hbox(6.94444+2.22223)x345.0
.\hbox(0.0+0.0)x0.0
.\tentt (
.\tentt s
.\tentt e
.\tentt t
.etc.


Overfull \hbox (11.99689pt too wide) in paragraph at lines 138--138
[]      \tentt "^Do you want to add this keyfile to keyring '.*' (y/N)\\? $")[]
 

\hbox(6.94444+2.22223)x345.0
.\hbox(0.0+0.0)x0.0
.\penalty 10000
.\glue 5.24995
.\penalty 10000
.\glue 5.24995
.etc.


Overfull \hbox (59.24648pt too wide) in paragraph at lines 138--138
[]      \tentt "^File contains key(s)\\.  Contents follow\\.\\.\\.\nKey ring: '
.*'\n")[] 

\hbox(6.94444+2.22223)x345.0
.\hbox(0.0+0.0)x0.0
.\penalty 10000
.\glue 5.24995
.\penalty 10000
.\glue 5.24995
.etc.

[4]
Overfull \hbox (64.49643pt too wide) in paragraph at lines 138--138
[]  \tentt "Set non-nil means a list of secret keys have been extracted form se
cring.")[] 

\hbox(6.94444+2.22223)x345.0
.\hbox(0.0+0.0)x0.0
.\penalty 10000
.\glue 5.24995
.\penalty 10000
.\glue 5.24995
.etc.


Overfull \hbox (64.49643pt too wide) in paragraph at lines 138--138
[]  \tentt "Set non-nil means a list of public keys have been extracted form pu
bring.")[] 

\hbox(6.94444+2.22223)x345.0
.\hbox(0.0+0.0)x0.0
.\penalty 10000
.\glue 5.24995
.\penalty 10000
.\glue 5.24995
.etc.


Overfull \hbox (53.99652pt too wide) in paragraph at lines 138--138
[]  \tentt "Define the name of the local pgp program, if not in the default PAT
H, the[] 

\hbox(6.11111+2.22223)x345.0
.\hbox(0.0+0.0)x0.0
.\penalty 10000
.\glue 5.24995
.\penalty 10000
.\glue 5.24995
.etc.


Overfull \hbox (64.49643pt too wide) in paragraph at lines 138--138
[]  \tentt "*User define default secret key to use. If not define, will choose 
the last[] 

\hbox(6.11111+2.22223)x345.0
.\hbox(0.0+0.0)x0.0
.\penalty 10000
.\glue 5.24995
.\penalty 10000
.\glue 5.24995
.etc.


Overfull \hbox (43.49661pt too wide) in paragraph at lines 138--138
[]  \tentt "*Set non-nil means always delete the pass phrase. Keeping a pass ph
rase[] 

\hbox(6.11111+2.22223)x345.0
.\hbox(0.0+0.0)x0.0
.\penalty 10000
.\glue 5.24995
.\penalty 10000
.\glue 5.24995
.etc.


Overfull \hbox (43.49661pt too wide) in paragraph at lines 138--138
[]\tentt associated to a secret key during an Emacs session can be a security h
ole,[] 

\hbox(6.11111+2.22223)x345.0
.\hbox(0.0+0.0)x0.0
.\tentt a
.\tentt s
.\tentt s
.\tentt o
.etc.


Overfull \hbox (32.9967pt too wide) in paragraph at lines 138--138
[]\tentt if the pass phrase is in memory of Emacs when it crashes, it will appe
ar[] 

\hbox(6.11111+2.22223)x345.0
.\hbox(0.0+0.0)x0.0
.\tentt i
.\tentt f
.\penalty 10000
.\glue 5.24995
.etc.


Overfull \hbox (64.49643pt too wide) in paragraph at lines 138--138
[]  \tentt "*Set to non-nil means encrypt with user's own key in addition of re
cipients[] 

\hbox(6.11111+2.22223)x345.0
.\hbox(0.0+0.0)x0.0
.\penalty 10000
.\glue 5.24995
.\penalty 10000
.\glue 5.24995
.etc.


Overfull \hbox (38.24666pt too wide) in paragraph at lines 138--138
[]  \tentt "*Set to non-nil, try to automatically add the user's public key ins
ide[] 

\hbox(6.11111+2.22223)x345.0
.\hbox(0.0+0.0)x0.0
.\penalty 10000
.\glue 5.24995
.\penalty 10000
.\glue 5.24995
.etc.


Overfull \hbox (22.4968pt too wide) in paragraph at lines 138--138
[]\tentt an encrypted message. No meaning for the signed message, the view-only
[] 

\hbox(6.11111+2.22223)x345.0
.\hbox(0.0+0.0)x0.0
.\tentt a
.\tentt n
.\penalty 10000
.\glue 5.24995
.etc.


Overfull \hbox (22.4968pt too wide) in paragraph at lines 138--138
[]\tentt messages of the partially encrypted ones. The key is added at the very
[] 

\hbox(6.11111+2.22223)x345.0
.\hbox(0.0+0.0)x0.0
.\tentt m
.\tentt e
.\tentt s
.\tentt s
.etc.

[5]
Overfull \hbox (6.74693pt too wide) in paragraph at lines 169--169
[]\tentt ;;;| Purpose               : Read a pass phrase from the minibuffer[] 


\hbox(6.94444+2.22223)x345.0
.\hbox(0.0+0.0)x0.0
.\tentt ;
.\tentt ;
.\tentt ;
.\tentt |
.etc.


Overfull \hbox (6.74693pt too wide) in paragraph at lines 192--192
[]\tentt ;;;| Purpose               : Read the pass phrase for a given user.[] 


\hbox(6.94444+2.22223)x345.0
.\hbox(0.0+0.0)x0.0
.\tentt ;
.\tentt ;
.\tentt ;
.\tentt |
.etc.

[6] [7]
Overfull \hbox (64.49643pt too wide) in paragraph at lines 266--266
[]\tentt ;;;| Purpose               : Return the first matching secret key from
 secring[] 

\hbox(6.94444+2.22223)x345.0
.\hbox(0.0+0.0)x0.0
.\tentt ;
.\tentt ;
.\tentt ;
.\tentt |
.etc.

[8]
Overfull \hbox (53.99652pt too wide) in paragraph at lines 316--316
[]  \tentt "Set the selected secret key in use depending on the key send as arg
ument.[] 

\hbox(6.11111+2.22223)x345.0
.\hbox(0.0+0.0)x0.0
.\penalty 10000
.\glue 5.24995
.\penalty 10000
.\glue 5.24995
.etc.

[9]
Overfull \hbox (1.49698pt too wide) in paragraph at lines 343--343
[]\tentt Extract recipients of every To:, CC: or BCC: mail-header feilds as[] 

\hbox(6.11111+2.22223)x345.0
.\hbox(0.0+0.0)x0.0
.\tentt E
.\tentt x
.\tentt t
.\tentt r
.etc.


Overfull \hbox (32.9967pt too wide) in paragraph at lines 368--368
[]\tentt ;;;| Purpose               : Extract the list of recipients for a *mai
l*[] 

\hbox(6.94444+2.22223)x345.0
.\hbox(0.0+0.0)x0.0
.\tentt ;
.\tentt ;
.\tentt ;
.\tentt |
.etc.

[10]
Overfull \hbox (59.24648pt too wide) in paragraph at lines 368--368
[]  \tentt "Extract the list of recipients for a *mail* buffer for a specified 
feild."[] 

\hbox(6.11111+2.22223)x345.0
.\hbox(0.0+0.0)x0.0
.\penalty 10000
.\glue 5.24995
.\penalty 10000
.\glue 5.24995
.etc.


Overfull \hbox (22.4968pt too wide) in paragraph at lines 395--395
[]\tentt ;;;| Purpose               : Make a list of single word strings from a
[] 

\hbox(6.94444+2.22223)x345.0
.\hbox(0.0+0.0)x0.0
.\tentt ;
.\tentt ;
.\tentt ;
.\tentt |
.etc.


Overfull \hbox (59.24648pt too wide) in paragraph at lines 395--395
[]  \tentt "Make a list of single word strings from a string containing several
 words.[] 

\hbox(6.11111+2.22223)x345.0
.\hbox(0.0+0.0)x0.0
.\penalty 10000
.\glue 5.24995
.\penalty 10000
.\glue 5.24995
.etc.


Overfull \hbox (17.24684pt too wide) in paragraph at lines 395--395
[]\tentt TAB and/or comma separated. The resulting list contains single words,[
] 

\hbox(6.94444+2.22223)x345.0
.\hbox(0.0+0.0)x0.0
.\tentt T
.\tentt A
.\tentt B
.\penalty 10000
.etc.

[11] [12]
Overfull \hbox (27.74675pt too wide) in paragraph at lines 473--473
[]\tentt This is an active wait with 0.5 seconds pauses. Return an exit status.
"[] 

\hbox(6.11111+2.22223)x345.0
.\hbox(0.0+0.0)x0.0
.\tentt T
.\tentt h
.\tentt i
.\tentt s
.etc.

[13]
Overfull \hbox (22.4968pt too wide) in paragraph at lines 503--503
[]\tentt Scan the output for various strings corresponding to pgp questions and
[] 

\hbox(6.11111+2.22223)x345.0
.\hbox(0.0+0.0)x0.0
.\tentt S
.\tentt c
.\tentt a
.\tentt n
.etc.


Overfull \hbox (22.4968pt too wide) in paragraph at lines 503--503
[]\tentt messages. Take actions according to thoses messages. Maintains a point
[] 

\hbox(6.11111+2.22223)x345.0
.\hbox(0.0+0.0)x0.0
.\tentt m
.\tentt e
.\tentt s
.\tentt s
.etc.


Overfull \hbox (27.74675pt too wide) in paragraph at lines 503--503
[]\tentt to the last scan section so the same message will not be dected at eac
h[] 

\hbox(6.11111+2.22223)x345.0
.\hbox(0.0+0.0)x0.0
.\tentt t
.\tentt o
.\penalty 10000
.\glue 5.24995
.etc.


Overfull \hbox (1.49698pt too wide) in paragraph at lines 526--526
[]\tentt ;;;| Purpose               : Do nothing, for null key binding only[] 

\hbox(6.94444+2.22223)x345.0
.\hbox(0.0+0.0)x0.0
.\tentt ;
.\tentt ;
.\tentt ;
.\tentt |
.etc.


Overfull \hbox (27.74675pt too wide) in paragraph at lines 551--551
[]\tentt ;;;| Purpose               : et protection on the current buffer when 
a[] 

\hbox(6.94444+2.22223)x345.0
.\hbox(0.0+0.0)x0.0
.\tentt ;
.\tentt ;
.\tentt ;
.\tentt |
.etc.

[14]
Overfull \hbox (22.4968pt too wide) in paragraph at lines 551--551
[]  \tentt "Set protection on the current buffer when a message is 'view-only'.
[] 

\hbox(6.11111+2.22223)x345.0
.\hbox(0.0+0.0)x0.0
.\penalty 10000
.\glue 5.24995
.\penalty 10000
.\glue 5.24995
.etc.


Overfull \hbox (27.74675pt too wide) in paragraph at lines 551--551
[]\tentt This is the best level of protection I have been avble to think of til
l[] 

\hbox(6.11111+2.22223)x345.0
.\hbox(0.0+0.0)x0.0
.\tentt T
.\tentt h
.\tentt i
.\tentt s
.etc.


Overfull \hbox (48.74657pt too wide) in paragraph at lines 577--577
[]\tentt ;;;| Purpose               : Extract a list of public keys from pgp-pu
bring[] 

\hbox(6.94444+2.22223)x345.0
.\hbox(0.0+0.0)x0.0
.\tentt ;
.\tentt ;
.\tentt ;
.\tentt |
.etc.


Overfull \hbox (17.24684pt too wide) in paragraph at lines 577--577
[]\tentt This function is called only once during a Emacs session, the list is[
] 

\hbox(6.11111+2.22223)x345.0
.\hbox(0.0+0.0)x0.0
.\tentt T
.\tentt h
.\tentt i
.\tentt s
.etc.


Overfull \hbox (27.74675pt too wide) in paragraph at lines 577--577
[]\tentt updated automatically if new public keys are added to the pgp-pubring.
"[] 

\hbox(6.11111+2.22223)x345.0
.\hbox(0.0+0.0)x0.0
.\tentt u
.\tentt p
.\tentt d
.\tentt a
.etc.

[15]
Overfull \hbox (48.74657pt too wide) in paragraph at lines 602--602
[]\tentt ;;;| Purpose               : Extract a list of secret keys from pgp-se
cring[] 

\hbox(6.94444+2.22223)x345.0
.\hbox(0.0+0.0)x0.0
.\tentt ;
.\tentt ;
.\tentt ;
.\tentt |
.etc.


Overfull \hbox (48.74657pt too wide) in paragraph at lines 602--602
[]\tentt ;;;| Called functions     : pgp-create-output-buffer, pgp-wait-process
-exit[] 

\hbox(6.94444+2.22223)x345.0
.\hbox(0.0+0.0)x0.0
.\tentt ;
.\tentt ;
.\tentt ;
.\tentt |
.etc.


Overfull \hbox (48.74657pt too wide) in paragraph at lines 602--602
[]\tentt ;;;This one is a bit tricky, cf. PGP doc, run a pgp on the secring.pgp
 file[] 

\hbox(6.11111+2.22223)x345.0
.\hbox(0.0+0.0)x0.0
.\tentt ;
.\tentt ;
.\tentt ;
.\tentt T
.etc.


Overfull \hbox (64.49643pt too wide) in paragraph at lines 626--626
[]\tentt ;;;| Purpose               : Return the first element of the list matc
hing str[] 

\hbox(6.94444+2.22223)x345.0
.\hbox(0.0+0.0)x0.0
.\tentt ;
.\tentt ;
.\tentt ;
.\tentt |
.etc.

[16]
Overfull \hbox (6.74693pt too wide) in paragraph at lines 650--650
[]\tentt ;;;| Purpose               : Return a list of elements matching str[] 


\hbox(6.94444+2.22223)x345.0
.\hbox(0.0+0.0)x0.0
.\tentt ;
.\tentt ;
.\tentt ;
.\tentt |
.etc.


Overfull \hbox (22.4968pt too wide) in paragraph at lines 683--683
[]\tentt ;;; Given the email address and the list of public keys, it should try
[] 

\hbox(6.11111+2.22223)x345.0
.\hbox(0.0+0.0)x0.0
.\tentt ;
.\tentt ;
.\tentt ;
.\penalty 10000
.etc.


Overfull \hbox (22.4968pt too wide) in paragraph at lines 683--683
[]\tentt ;;; to guess which pgp key correspond to the given email address. This
[] 

\hbox(6.11111+2.22223)x345.0
.\hbox(0.0+0.0)x0.0
.\tentt ;
.\tentt ;
.\tentt ;
.\penalty 10000
.etc.

[17]
Overfull \hbox (43.49661pt too wide) in paragraph at lines 683--683
[]\tentt ;;; should be quite a straight process when the pgp key contains the e
mail[] 

\hbox(6.11111+2.22223)x345.0
.\hbox(0.0+0.0)x0.0
.\tentt ;
.\tentt ;
.\tentt ;
.\penalty 10000
.etc.


Overfull \hbox (43.49661pt too wide) in paragraph at lines 683--683
[]\tentt ;;; address (but require some works anyway when the email is local but
 the[] 

\hbox(6.94444+2.22223)x345.0
.\hbox(0.0+0.0)x0.0
.\tentt ;
.\tentt ;
.\tentt ;
.\penalty 10000
.etc.


Overfull \hbox (22.4968pt too wide) in paragraph at lines 683--683
[]\tentt ;;; address given in the key is fully defined) but what to do when the
[] 

\hbox(6.94444+2.22223)x345.0
.\hbox(0.0+0.0)x0.0
.\tentt ;
.\tentt ;
.\tentt ;
.\penalty 10000
.etc.


Overfull \hbox (64.49643pt too wide) in paragraph at lines 719--719
[]\tentt ;;;| Purpose               : Read from minibuffer a PGP key for a give
n prompt[] 

\hbox(6.94444+2.22223)x345.0
.\hbox(0.0+0.0)x0.0
.\tentt ;
.\tentt ;
.\tentt ;
.\tentt |
.etc.


Overfull \hbox (17.24684pt too wide) in paragraph at lines 719--719
[]\tentt ;;;| Called functions     : pgp-find-first-match, pgp-find-first-exit[
] 

\hbox(6.94444+2.22223)x345.0
.\hbox(0.0+0.0)x0.0
.\tentt ;
.\tentt ;
.\tentt ;
.\tentt |
.etc.


Overfull \hbox (1.49698pt too wide) in paragraph at lines 719--719
[]\tentt ;;;| Calling functions    : pgp-set-seckey, pgp-list-recipient-id,[] 

\hbox(6.94444+2.22223)x345.0
.\hbox(0.0+0.0)x0.0
.\tentt ;
.\tentt ;
.\tentt ;
.\tentt |
.etc.

[18]
Overfull \hbox (11.99689pt too wide) in paragraph at lines 743--743
[]\tentt ;;;| Purpose               : Restore minibuffer-local-completion-map[]
 

\hbox(6.94444+2.22223)x345.0
.\hbox(0.0+0.0)x0.0
.\tentt ;
.\tentt ;
.\tentt ;
.\tentt |
.etc.


Overfull \hbox (27.74675pt too wide) in paragraph at lines 767--767
[]\tentt ;;;| Purpose               : Find the first PGP recipient ID that matc
h[] 

\hbox(6.94444+2.22223)x345.0
.\hbox(0.0+0.0)x0.0
.\tentt ;
.\tentt ;
.\tentt ;
.\tentt |
.etc.


Overfull \hbox (6.74693pt too wide) in paragraph at lines 767--767
[]\tentt ;;;| Calling functions    : pgp-read-recipient, pgp-find-first-exit[] 


\hbox(6.94444+2.22223)x345.0
.\hbox(0.0+0.0)x0.0
.\tentt ;
.\tentt ;
.\tentt ;
.\tentt |
.etc.

[19]
Overfull \hbox (27.74675pt too wide) in paragraph at lines 791--791
[]\tentt ;;;| Purpose               : Find the first PGP recipient ID that matc
h[] 

\hbox(6.94444+2.22223)x345.0
.\hbox(0.0+0.0)x0.0
.\tentt ;
.\tentt ;
.\tentt ;
.\tentt |
.etc.


Overfull \hbox (6.74693pt too wide) in paragraph at lines 791--791
[]  \tentt "Find the first PGP recipient ID that match the string and exit."[] 


\hbox(6.11111+2.22223)x345.0
.\hbox(0.0+0.0)x0.0
.\penalty 10000
.\glue 5.24995
.\penalty 10000
.\glue 5.24995
.etc.


Overfull \hbox (59.24648pt too wide) in paragraph at lines 818--818
[]\tentt ;;;| Purpose               : Create the alist collection of matching P
GP keys[] 

\hbox(6.94444+2.22223)x345.0
.\hbox(0.0+0.0)x0.0
.\tentt ;
.\tentt ;
.\tentt ;
.\tentt |
.etc.


Overfull \hbox (1.49698pt too wide) in paragraph at lines 818--818
[]\tentt ;;;| Called functions     : pgp-try-completion, pgp-all-completion[] 

\hbox(6.94444+2.22223)x345.0
.\hbox(0.0+0.0)x0.0
.\tentt ;
.\tentt ;
.\tentt ;
.\tentt |
.etc.

[20]
Overfull \hbox (32.9967pt too wide) in paragraph at lines 818--818
[]\tentt ;;; It is a programmed completion function as decribed in GNE Emacs Li
sp[] 

\hbox(6.11111+2.22223)x345.0
.\hbox(0.0+0.0)x0.0
.\tentt ;
.\tentt ;
.\tentt ;
.\penalty 10000
.etc.


Overfull \hbox (17.24684pt too wide) in paragraph at lines 841--841
[]\tentt ;;;| Purpose               : Make a string of quoted PGP recipient ID[
] 

\hbox(6.94444+2.22223)x345.0
.\hbox(0.0+0.0)x0.0
.\tentt ;
.\tentt ;
.\tentt ;
.\tentt |
.etc.


Overfull \hbox (48.74657pt too wide) in paragraph at lines 867--867
[]\tentt ;;;| Purpose               : Click on an alternative in the `*Completi
ons*'[] 

\hbox(6.94444+2.22223)x345.0
.\hbox(0.0+0.0)x0.0
.\tentt ;
.\tentt ;
.\tentt ;
.\tentt |
.etc.

[21]
Overfull \hbox (27.74675pt too wide) in paragraph at lines 867--867
[]  \tentt "Click on an alternative in the `*Completions*' buffer to choose it.
"[] 

\hbox(6.11111+2.22223)x345.0
.\hbox(0.0+0.0)x0.0
.\penalty 10000
.\glue 5.24995
.\penalty 10000
.\glue 5.24995
.etc.

[22]
Overfull \hbox (11.99689pt too wide) in paragraph at lines 942--942
[]\tentt ;;;| Purpose               : General function to sign a mail message[]
 

\hbox(6.94444+2.22223)x345.0
.\hbox(0.0+0.0)x0.0
.\tentt ;
.\tentt ;
.\tentt ;
.\tentt |
.etc.


Overfull \hbox (38.24666pt too wide) in paragraph at lines 942--942
[]\tentt ;;;| Called functions     : pgp-create-output-buffer, pgp-get-passphra
se,[] 

\hbox(6.94444+2.22223)x345.0
.\hbox(0.0+0.0)x0.0
.\tentt ;
.\tentt ;
.\tentt ;
.\tentt |
.etc.


Overfull \hbox (53.99652pt too wide) in paragraph at lines 942--942
[]\tentt Clear is a boolean tha means if set to non-nil that a clear-signature 
should[] 

\hbox(6.11111+2.22223)x345.0
.\hbox(0.0+0.0)x0.0
.\tentt C
.\tentt l
.\tentt e
.\tentt a
.etc.

[23]
Overfull \hbox (6.74693pt too wide) in paragraph at lines 967--967
[]\tentt ;;;| Called functions     : pgp-append-pubkey, pgp-general-encrypt,[] 


\hbox(6.94444+2.22223)x345.0
.\hbox(0.0+0.0)x0.0
.\tentt ;
.\tentt ;
.\tentt ;
.\tentt |
.etc.


Overfull \hbox (27.74675pt too wide) in paragraph at lines 991--991
[]\tentt ;;;| Called functions     : pgp-create-temp-buffer, pgp-general-encryp
t[] 

\hbox(6.94444+2.22223)x345.0
.\hbox(0.0+0.0)x0.0
.\tentt ;
.\tentt ;
.\tentt ;
.\tentt |
.etc.

[24]
Overfull \hbox (22.4968pt too wide) in paragraph at lines 1018--1018
[]\tentt ;;;| Purpose               : Encrypt a mail message for viewthe region
[] 

\hbox(6.94444+2.22223)x345.0
.\hbox(0.0+0.0)x0.0
.\tentt ;
.\tentt ;
.\tentt ;
.\tentt |
.etc.


Overfull \hbox (27.74675pt too wide) in paragraph at lines 1018--1018
[]\tentt ;;;| Called functions     : pgp-create-temp-buffer, pgp-general-encryp
t[] 

\hbox(6.94444+2.22223)x345.0
.\hbox(0.0+0.0)x0.0
.\tentt ;
.\tentt ;
.\tentt ;
.\tentt |
.etc.


Overfull \hbox (59.24648pt too wide) in paragraph at lines 1018--1018
[]  \tentt "Encrypt a mail message for viewthe region defined between mark and 
point."[] 

\hbox(6.11111+2.22223)x345.0
.\hbox(0.0+0.0)x0.0
.\penalty 10000
.\glue 5.24995
.\penalty 10000
.\glue 5.24995
.etc.


Overfull \hbox (27.74675pt too wide) in paragraph at lines 1048--1048
[]\tentt ;;;| Purpose               : General function to encrypt a mail messag
e[] 

\hbox(6.94444+2.22223)x345.0
.\hbox(0.0+0.0)x0.0
.\tentt ;
.\tentt ;
.\tentt ;
.\tentt |
.etc.

[25]
Overfull \hbox (11.99689pt too wide) in paragraph at lines 1048--1048
[]\tentt ;;;| Called functions     : pgp-list-pubring, pgp-list-recipient-id,[]
 

\hbox(6.94444+2.22223)x345.0
.\hbox(0.0+0.0)x0.0
.\tentt ;
.\tentt ;
.\tentt ;
.\tentt |
.etc.


Overfull \hbox (6.74693pt too wide) in paragraph at lines 1048--1048
[]\tentt ;;;|  pgp-extract-email-recipient, pgp-set-key, pgp-read-recipient,[] 


\hbox(6.94444+2.22223)x345.0
.\hbox(0.0+0.0)x0.0
.\tentt ;
.\tentt ;
.\tentt ;
.\tentt |
.etc.


Overfull \hbox (22.4968pt too wide) in paragraph at lines 1048--1048
[]\tentt ;;;|  pgp-create-output-buffer, pgp-wait-process-exit, pgp-show-status
[] 

\hbox(6.94444+2.22223)x345.0
.\hbox(0.0+0.0)x0.0
.\tentt ;
.\tentt ;
.\tentt ;
.\tentt |
.etc.


Overfull \hbox (11.99689pt too wide) in paragraph at lines 1048--1048
[]\tentt be crypted with view-only option. The message is crypted between the[]
 

\hbox(6.11111+2.22223)x345.0
.\hbox(0.0+0.0)x0.0
.\tentt b
.\tentt e
.\penalty 10000
.\glue 5.24995
.etc.


Overfull \hbox (22.4968pt too wide) in paragraph at lines 1077--1077
[]\tentt ;;;| Purpose               : Append the public key to the mail message
[] 

\hbox(6.94444+2.22223)x345.0
.\hbox(0.0+0.0)x0.0
.\tentt ;
.\tentt ;
.\tentt ;
.\tentt |
.etc.


Overfull \hbox (17.24684pt too wide) in paragraph at lines 1077--1077
[]\tentt ;;;| Called functions     : pgp-create-output-buffer, pgp-get-seckey,[
] 

\hbox(6.94444+2.22223)x345.0
.\hbox(0.0+0.0)x0.0
.\tentt ;
.\tentt ;
.\tentt ;
.\tentt |
.etc.


Overfull \hbox (11.99689pt too wide) in paragraph at lines 1077--1077
[]\tentt ;;;|  pgp-wait-process-exit, pgp-show-status, pgp-create-temp-buffer[]
 

\hbox(6.94444+2.22223)x345.0
.\hbox(0.0+0.0)x0.0
.\tentt ;
.\tentt ;
.\tentt ;
.\tentt |
.etc.


Overfull \hbox (38.24666pt too wide) in paragraph at lines 1077--1077
[]\tentt The public key is the one corresponding to the selected secret key. It
 is[] 

\hbox(6.11111+2.22223)x345.0
.\hbox(0.0+0.0)x0.0
.\tentt T
.\tentt h
.\tentt e
.\penalty 10000
.etc.


Overfull \hbox (27.74675pt too wide) in paragraph at lines 1077--1077
[]\tentt appended at the current point. If status is set non-nil show the statu
s[] 

\hbox(6.11111+2.22223)x345.0
.\hbox(0.0+0.0)x0.0
.\tentt a
.\tentt p
.\tentt p
.\tentt e
.etc.

[26]
Overfull \hbox (38.24666pt too wide) in paragraph at lines 1104--1104
[]\tentt ;;;| Called functions     : pgp-create-output-buffer, pgp-get-passphra
se,[] 

\hbox(6.94444+2.22223)x345.0
.\hbox(0.0+0.0)x0.0
.\tentt ;
.\tentt ;
.\tentt ;
.\tentt |
.etc.


Overfull \hbox (48.74657pt too wide) in paragraph at lines 1104--1104
[]\tentt ;;;|  pgp-list-pubring, pgp-list-recipient-id, pgp-extract-email-recip
ient,[] 

\hbox(6.94444+2.22223)x345.0
.\hbox(0.0+0.0)x0.0
.\tentt ;
.\tentt ;
.\tentt ;
.\tentt |
.etc.


Overfull \hbox (1.49698pt too wide) in paragraph at lines 1134--1134
[]\tentt ;;;| Calling functions    : pgp-general-sign, pgp-general-encrypt,[] 

\hbox(6.94444+2.22223)x345.0
.\hbox(0.0+0.0)x0.0
.\tentt ;
.\tentt ;
.\tentt ;
.\tentt |
.etc.

[27]
Overfull \hbox (27.74675pt too wide) in paragraph at lines 1134--1134
[]\tentt Clean the buffer then display it. In case of view-only message, anothe
r[] 

\hbox(6.11111+2.22223)x345.0
.\hbox(0.0+0.0)x0.0
.\tentt C
.\tentt l
.\tentt e
.\tentt a
.etc.


Overfull \hbox (17.24684pt too wide) in paragraph at lines 1134--1134
[]\tentt function is used. Str is used to switch the cleaning according to the[
] 

\hbox(6.11111+2.22223)x345.0
.\hbox(0.0+0.0)x0.0
.\tentt f
.\tentt u
.\tentt n
.\tentt c
.etc.


Overfull \hbox (38.24666pt too wide) in paragraph at lines 1134--1134
[]\tentt Side effect in case of add key to the pubring: update the internal lis
t."[] 

\hbox(6.11111+2.22223)x345.0
.\hbox(0.0+0.0)x0.0
.\tentt S
.\tentt i
.\tentt d
.\tentt e
.etc.


Overfull \hbox (1.49698pt too wide) in paragraph at lines 1162--1162
[]  \tentt "Save the pass phrase associated to a secret key or wipe it out.[] 

\hbox(6.11111+2.22223)x345.0
.\hbox(0.0+0.0)x0.0
.\penalty 10000
.\glue 5.24995
.\penalty 10000
.\glue 5.24995
.etc.


Overfull \hbox (27.74675pt too wide) in paragraph at lines 1162--1162
[]\tentt If pgp-delete-pass is set to non-nil the pass phrase is wiped out afte
r[] 

\hbox(6.11111+2.22223)x345.0
.\hbox(0.0+0.0)x0.0
.\tentt I
.\tentt f
.\penalty 10000
.\glue 5.24995
.etc.


Overfull \hbox (22.4968pt too wide) in paragraph at lines 1162--1162
[]\tentt each run of pgp, else it is kept during a session of Emacs. There is a
[] 

\hbox(6.11111+2.22223)x345.0
.\hbox(0.0+0.0)x0.0
.\tentt e
.\tentt a
.\tentt c
.\tentt h
.etc.


Overfull \hbox (27.74675pt too wide) in paragraph at lines 1162--1162
[]\tentt security hole if the pass phrase is in memory of Emacs when it crashes
,[] 

\hbox(6.11111+2.22223)x345.0
.\hbox(0.0+0.0)x0.0
.\tentt s
.\tentt e
.\tentt c
.\tentt u
.etc.

[28]
Overfull \hbox (53.99652pt too wide) in paragraph at lines 1187--1187
[]\tentt ;;;| Purpose               : Display or return message saying how to r
estore[] 

\hbox(6.94444+2.22223)x345.0
.\hbox(0.0+0.0)x0.0
.\tentt ;
.\tentt ;
.\tentt ;
.\tentt |
.etc.


Overfull \hbox (59.24648pt too wide) in paragraph at lines 1187--1187
[]  \tentt "Display or return message saying how to restore windows after PGP c
ommand.[] 

\hbox(6.11111+2.22223)x345.0
.\hbox(0.0+0.0)x0.0
.\penalty 10000
.\glue 5.24995
.\penalty 10000
.\glue 5.24995
.etc.


Overfull \hbox (1.49698pt too wide) in paragraph at lines 1214--1214
[]\tentt ;;;| Called functions     : pgp-wait-process-exit, pgp-update-pass[] 

\hbox(6.94444+2.22223)x345.0
.\hbox(0.0+0.0)x0.0
.\tentt ;
.\tentt ;
.\tentt ;
.\tentt |
.etc.


Overfull \hbox (43.49661pt too wide) in paragraph at lines 1214--1214
[]\tentt The message to decrypt is in buffer between begreg and endreg points, 
this[] 

\hbox(6.11111+2.22223)x345.0
.\hbox(0.0+0.0)x0.0
.\tentt T
.\tentt h
.\tentt e
.\penalty 10000
.etc.

[29]
Overfull \hbox (27.74675pt too wide) in paragraph at lines 1214--1214
[]\tentt allows recursive calls. Return non-nil if the message have been scanne
d[] 

\hbox(6.11111+2.22223)x345.0
.\hbox(0.0+0.0)x0.0
.\tentt a
.\tentt l
.\tentt l
.\tentt o
.etc.


Overfull \hbox (38.24666pt too wide) in paragraph at lines 1267--1267
[]\tentt ;;;| Purpose               : Extract key blocs and update plublic keyr
ing[] 

\hbox(6.94444+2.22223)x345.0
.\hbox(0.0+0.0)x0.0
.\tentt ;
.\tentt ;
.\tentt ;
.\tentt |
.etc.


Overfull \hbox (27.74675pt too wide) in paragraph at lines 1267--1267
[]\tentt ;;;| Called functions     : pgp-list-pubring, pgp-create-output-buffer
,[] 

\hbox(6.94444+2.22223)x345.0
.\hbox(0.0+0.0)x0.0
.\tentt ;
.\tentt ;
.\tentt ;
.\tentt |
.etc.

[30]
Overfull \hbox (38.24666pt too wide) in paragraph at lines 1267--1267
[]\tentt It also update the list of public keys accordingly. It can be called f
rom[] 

\hbox(6.11111+2.22223)x345.0
.\hbox(0.0+0.0)x0.0
.\tentt I
.\tentt t
.\penalty 10000
.\glue 5.24995
.etc.

) [31] (concept.aux) 
Here is how much of TeX's memory you used:
 153 strings out of 3549
 1459 string characters out of 38156
 38168 words of memory out of 262141
 2099 multiletter control sequences out of 9500
 19299 words of font info for 73 fonts, out of 72000 for 240
 17 hyphenation exceptions out of 607
 14i,6n,15p,189b,248s stack positions out of 300i,40n,60p,4000b,4000s

Output written on concept.dvi (31 pages, 67464 bytes).
