/* Error codes for the PEM functions. */

/* Function codes. */
#define PEM_F_DEF_CALLBACK				 100
#define PEM_F_LOAD_IV					 101
#define PEM_F_PEM_ASN1_READ				 102
#define PEM_F_PEM_DO_HEADER				 103
#define PEM_F_PEM_EVP_CIPHER_INFO			 104
#define PEM_F_PEM_READ					 105
#define PEM_F_PEM_SEALFINAL				 106
#define PEM_F_PEM_SEALINIT				 107
#define PEM_F_PEM_SIGNFINAL				 108
#define PEM_F_PEM_WRITE					 109
#define PEM_F_PEM_WRITE_RSA				 110
#define PEM_F_PEM_X509_INFO_READ			 111

/* Reason codes. */
#define PEM_R_BAD_BASE64_DECODE				 100
#define PEM_R_BAD_DECRYPT				 101
#define PEM_R_BAD_END_LINE				 102
#define PEM_R_BAD_IV_CHARS				 103
#define PEM_R_BAD_PASSWORD_READ				 104
#define PEM_R_NOT_DEK_INFO				 105
#define PEM_R_NOT_ENCRYPTED				 106
#define PEM_R_NOT_PROC_TYPE				 107
#define PEM_R_NO_START_LINE				 108
#define PEM_R_READ_KEY					 109
#define PEM_R_SHORT_HEADER				 110
#define PEM_R_UNSUPPORTED_CIPHER			 111
#define PEM_R_UNSUPPORTED_ENCRYPTION			 112

#endif
