This is TeX, C Version 3.14t3 (format=plain 92.8.25)  26 JAN 1994 03:40
**&tex Elm.cover
(Elm.cover
! You can't use `macro parameter character #' in horizontal mode.
l.1 .\" @(#
           )$Id: Elm.cover,v 5.4 1993/05/08 19:58:20 syd Exp $
? 
! Extra }, or forgotten $.
<recently read> }
                 
l.14 .\"  $
           Log: Elm.cover,v $
? 
! Undefined control sequence.
l.49 \fBThe
            \s30Elm\s28 Mail System\fR
? 
! Undefined control sequence.
l.49 \fBThe \s
              30Elm\s28 Mail System\fR
? 
! Undefined control sequence.
l.49 \fBThe \s30Elm\s
                     28 Mail System\fR
? 
! Undefined control sequence.
l.49 \fBThe \s30Elm\s28 Mail System\fR
                                      
? 
! Undefined control sequence.
l.54 \fIA
          Replacement Mailer for All Unix Systems\fR
? 
! Emergency stop.
l.54 \fIA
          Replacement Mailer for All Unix Systems\fR
End of file on the terminal!

No pages of output.
