This is TeX, C Version 2.93 (Multilingual) (preloaded format=lplain 90.5.4)  25 SEP 1991 13:43
**&lplain timings.V3.4.1.tex
(timings.V3.4.1.tex
LaTeX Version 2.09 <4 Aug 1988>
(/usr/local/lib/tex/inputs/article.sty
Document Style `article' <16 Mar 88>.
(/usr/local/lib/tex/inputs/art11.sty)
\c@part=\count78
\c@section=\count79
\c@subsection=\count80
\c@subsubsection=\count81
\c@paragraph=\count82
\c@subparagraph=\count83
\c@figure=\count84
\c@table=\count85
) (/usr/local/lib/tex/inputs/fullpage.sty) (timings.V3.4.1.aux) [1

] (timings.V3.4.1.aux) 
Here is how much of TeX's memory you used:
 157 strings out of 3528
 1594 string characters out of 38307
 35081 words of memory out of 262141
 2117 multiletter control sequences out of 9500
 18996 words of font info for 72 fonts, out of 72000 for 240
 19 hyphenation exceptions out of 607
 12i,6n,15p,221b,236s stack positions out of 300i,40n,60p,4000b,4000s

Output written on timings.V3.4.1.dvi (1 page, 3988 bytes).
