/* Error codes for the SSL functions. */

/* Function codes. */
#define SSL_F_CLIENT_CERTIFICATE			 100
#define SSL_F_CLIENT_HELLO				 101
#define SSL_F_CLIENT_MASTER_KEY				 102
#define SSL_F_GET_CLIENT_FINISHED			 103
#define SSL_F_GET_CLIENT_HELLO				 104
#define SSL_F_GET_CLIENT_MASTER_KEY			 105
#define SSL_F_GET_NEW_CONN				 106
#define SSL_F_GET_SERVER_FINISHED			 107
#define SSL_F_GET_SERVER_HELLO				 108
#define SSL_F_GET_SERVER_VERIFY				 109
#define SSL_F_REQUEST_CERTIFICATE			 110
#define SSL_F_SERVER_HELLO				 111
#define SSL_F_SSL_ACCEPT				 112
#define SSL_F_SSL_CERT_NEW				 113
#define SSL_F_SSL_CERT_RSA_PRIVATE_DECRYPT		 114
#define SSL_F_SSL_CERT_RSA_PRIVATE_ENCRYPT		 115
#define SSL_F_SSL_CERT_RSA_PUBLIC_DECRYPT		 116
#define SSL_F_SSL_CERT_RSA_PUBLIC_ENCRYPT		 117
#define SSL_F_SSL_CONNECT				 118
#define SSL_F_SSL_ENC_DES_CBC_INIT			 119
#define SSL_F_SSL_ENC_DES_EDE3_CBC_INIT			 120
#define SSL_F_SSL_ENC_IDEA_CBC_INIT			 121
#define SSL_F_SSL_ENC_NULL_INIT				 122
#define SSL_F_SSL_ENC_RC4_INIT				 123
#define SSL_F_SSL_NEW					 124
#define SSL_F_SSL_READ					 125
#define SSL_F_SSL_SET_CERTIFICATE			 126
#define SSL_F_SSL_USE_CERTIFICATE_ASN1			 127
#define SSL_F_SSL_USE_CERTIFICATE_FILE			 128
#define SSL_F_SSL_USE_RSAPRIVATEKEY			 129
#define SSL_F_SSL_USE_RSAPRIVATEKEY_ASN1		 130
#define SSL_F_SSL_USE_RSAPRIVATEKEY_FILE		 131
#define SSL_F_SSL_WRITE					 132

/* Reason codes. */
#define SSL_R_BAD_AUTHENTICATION_TYPE			 100
#define SSL_R_BAD_CHECKSUM				 101
#define SSL_R_BAD_MAC_DECODE				 102
#define SSL_R_BAD_RESPONSE_ARGUMENT			 103
#define SSL_R_BAD_SESSION_ID_LENGTH			 104
#define SSL_R_BAD_SSL_FILETYPE				 105
#define SSL_R_BAD_STATE					 106
#define SSL_R_BAD_WRITE_RETRY				 107
#define SSL_R_CHALLENGE_IS_DIFFERENT			 108
#define SSL_R_CIPHER_TABLE_SRC_ERROR			 109
#define SSL_R_CONNECTION_ID_IS_DIFFERENT		 110
#define SSL_R_INVALID_CHALLENGE_LENGTH			 111
#define SSL_R_NO_CERTIFICATE_SET			 112
#define SSL_R_NO_CERTIFICATE_SPECIFIED			 113
#define SSL_R_NO_CIPHER_LIST				 114
#define SSL_R_NO_CIPHER_MATCH				 115
#define SSL_R_NO_CIPHER_WE_TRUST			 116
#define SSL_R_NO_PRIVATEKEY				 117
#define SSL_R_NO_PUBLICKEY				 118
#define SSL_R_NULL_SSL_CTX				 119
#define SSL_R_PEER_DID_NOT_RETURN_A_CERTIFICATE		 120
#define SSL_R_PEER_ERROR				 121
#define SSL_R_PEER_ERROR_CERTIFICATE			 122
#define SSL_R_PEER_ERROR_NO_CIPHER			 123
#define SSL_R_PEER_ERROR_UNSUPPORTED_CERTIFICATE_TYPE	 124
#define SSL_R_PERR_ERROR_NO_CERTIFICATE			 125
#define SSL_R_PUBLIC_KEY_ENCRYPT_ERROR			 126
#define SSL_R_READ_WRONG_PACKET_TYPE			 127
#define SSL_R_REVERSE_CONN_ID_LENGTH_IS_WRONG		 128
#define SSL_R_REVERSE_KEY_ARG_LENGTH_IS_WRONG		 129
#define SSL_R_REVERSE_MASTER_KEY_LENGTH_IS_WRONG	 130
#define SSL_R_SESSION_ID_IS_DIFFERENT			 131
#define SSL_R_SHORT_READ				 132
#define SSL_R_UNKNOWN_REMOTE_ERROR_TYPE			 133
#define SSL_R_UNKNOWN_STATE				 134

#endif
