/* Error codes for the X509 functions. */

/* Function codes. */
#define X509_F_INIT_CERTS				 100
#define X509_F_X509_ADD_CERT				 101
#define X509_F_X509_ADD_CERT_DIR			 102
#define X509_F_X509_ADD_CERT_FILE			 103
#define X509_F_X509_EXTRACT_KEY				 104
#define X509_F_X509_GET_CERT				 105
#define X509_F_X509_NAME_ONELINE			 106
#define X509_F_X509_PRINT				 107
#define X509_F_X509_REQ_TO_X509				 108
#define X509_F_X509_REQ_VERIFY				 109
#define X509_F_X509_X509_TO_REQ				 110

/* Reason codes. */
#define X509_R_BAD_X509_FILETYPE			 100
#define X509_R_CERT_ALREADY_IN_HASH_TABLE		 101
#define X509_R_ERR_ASN1_LIB				 102
#define X509_R_UNKNOWN_DIGEST_TYPE			 103
#define X509_R_UNKNOWN_OBJECT_TYPE			 104

#endif
