/* Error codes for the ASN1 functions. */

/* Function codes. */
#define ASN1_F_ASN1_BIT_STRING_NEW			 100
#define ASN1_F_ASN1_D2I_FP				 101
#define ASN1_F_ASN1_DUP					 102
#define ASN1_F_ASN1_GET_OBJECT				 103
#define ASN1_F_ASN1_I2D_FP				 104
#define ASN1_F_ASN1_INTEGER_SET				 105
#define ASN1_F_ASN1_OBJECT_NEW				 106
#define ASN1_F_ASN1_SET					 107
#define ASN1_F_ASN1_SIGN				 108
#define ASN1_F_ASN1_TYPE_NEW				 109
#define ASN1_F_ASN1_UTCTIME_DUP				 110
#define ASN1_F_ASN1_UTCTIME_NEW				 111
#define ASN1_F_ASN1_VERIFY				 112
#define ASN1_F_BIGNUM_TO_ASN1_INTEGER			 113
#define ASN1_F_D2I_ASN1_BIT_STRING			 114
#define ASN1_F_D2I_ASN1_BYTES				 115
#define ASN1_F_D2I_ASN1_INTEGER				 116
#define ASN1_F_D2I_ASN1_OBJECT				 117
#define ASN1_F_D2I_ASN1_OCTET_STRING			 118
#define ASN1_F_D2I_ASN1_TYPE				 119
#define ASN1_F_D2I_ASN1_UTCTIME				 120
#define ASN1_F_D2I_DHPARAMS				 121
#define ASN1_F_D2I_NETSCAPE_PKEY			 122
#define ASN1_F_D2I_NETSCAPE_RSA				 123
#define ASN1_F_D2I_NETSCAPE_RSA_2			 124
#define ASN1_F_D2I_PKCS7				 125
#define ASN1_F_D2I_PKCS7_DIGEST				 126
#define ASN1_F_D2I_PKCS7_ENCRYPT			 127
#define ASN1_F_D2I_PKCS7_ENC_CONTENT			 128
#define ASN1_F_D2I_PKCS7_ENVELOPE			 129
#define ASN1_F_D2I_PKCS7_ISSUER_AND_SERIAL		 130
#define ASN1_F_D2I_PKCS7_RECIP_INFO			 131
#define ASN1_F_D2I_PKCS7_SIGNED				 132
#define ASN1_F_D2I_PKCS7_SIGNER_INFO			 133
#define ASN1_F_D2I_PKCS7_SIGN_ENVELOPE			 134
#define ASN1_F_D2I_RSAPRIVATEKEY			 135
#define ASN1_F_D2I_RSAPUBLICKEY				 136
#define ASN1_F_D2I_X509					 137
#define ASN1_F_D2I_X509_ALGOR				 138
#define ASN1_F_D2I_X509_ATTRIBUTE			 139
#define ASN1_F_D2I_X509_CINF				 140
#define ASN1_F_D2I_X509_CRL				 141
#define ASN1_F_D2I_X509_CRL_INFO			 142
#define ASN1_F_D2I_X509_KEYU				 143
#define ASN1_F_D2I_X509_NAME				 144
#define ASN1_F_D2I_X509_NAME_ENTRY			 145
#define ASN1_F_D2I_X509_PUBKEY				 146
#define ASN1_F_D2I_X509_REQ				 147
#define ASN1_F_D2I_X509_REQ_INFO			 148
#define ASN1_F_D2I_X509_REVOKED				 149
#define ASN1_F_D2I_X509_SIG				 150
#define ASN1_F_D2I_X509_VAL				 151
#define ASN1_F_F2I_ASN1_INTEGER				 152
#define ASN1_F_I2D_DHPARAMS				 153
#define ASN1_F_I2D_NETSCAPE_RSA_2			 154
#define ASN1_F_I2D_PKCS7				 155
#define ASN1_F_I2D_RSAPRIVATEKEY			 156
#define ASN1_F_I2D_RSAPUBLICKEY				 157
#define ASN1_F_I2D_X509_ATTRIBUTE			 158
#define ASN1_F_NETSCAPE_PKEY_NEW			 159
#define ASN1_F_PKCS7_DIGEST_NEW				 160
#define ASN1_F_PKCS7_ENCRYPT_NEW			 161
#define ASN1_F_PKCS7_ENC_CONTENT_NEW			 162
#define ASN1_F_PKCS7_ENVELOPE_NEW			 163
#define ASN1_F_PKCS7_ISSUER_AND_SERIAL_NEW		 164
#define ASN1_F_PKCS7_NEW				 165
#define ASN1_F_PKCS7_RECIP_INFO_NEW			 166
#define ASN1_F_PKCS7_SIGNED_NEW				 167
#define ASN1_F_PKCS7_SIGNER_INFO_NEW			 168
#define ASN1_F_PKCS7_SIGN_ENVELOPE_NEW			 169
#define ASN1_F_X509_ALGOR_NEW				 170
#define ASN1_F_X509_ATTRIBUTE_NEW			 171
#define ASN1_F_X509_CINF_NEW				 172
#define ASN1_F_X509_CRL_INFO_NEW			 173
#define ASN1_F_X509_CRL_NEW				 174
#define ASN1_F_X509_DHPARAMS_NEW			 175
#define ASN1_F_X509_INFO_NEW				 176
#define ASN1_F_X509_KEY_NEW				 177
#define ASN1_F_X509_NAME_ENTRY_NEW			 178
#define ASN1_F_X509_NAME_NEW				 179
#define ASN1_F_X509_NEW					 180
#define ASN1_F_X509_PUBKEY_NEW				 181
#define ASN1_F_X509_REQ_INFO_NEW			 182
#define ASN1_F_X509_REQ_NEW				 183
#define ASN1_F_X509_REVOKED_NEW				 184
#define ASN1_F_X509_SIG_NEW				 185
#define ASN1_F_X509_VAL_FREE				 186
#define ASN1_F_X509_VAL_NEW				 187

/* Reason codes. */
#define ASN1_R_BAD_CLASS				 100
#define ASN1_R_BAD_GET_OBJECT				 101
#define ASN1_R_BAD_OBJECT_HEADER			 102
#define ASN1_R_BAD_PASSWD_READ				 103
#define ASN1_R_BAD_PASSWORD_READ			 104
#define ASN1_R_BAD_PKCS7_CONTENT			 105
#define ASN1_R_BAD_PKCS7_TYPE				 106
#define ASN1_R_BAD_TAG					 107
#define ASN1_R_BAD_TYPE					 108
#define ASN1_R_BIT_STRING_TOO_SHORT			 109
#define ASN1_R_BN_LIB					 110
#define ASN1_R_DECODING_ERROR				 111
#define ASN1_R_ERROR_STACK				 112
#define ASN1_R_EXPECTING_AN_INTEGER			 113
#define ASN1_R_EXPECTING_AN_OBJECT			 114
#define ASN1_R_EXPECTING_AN_OCTET_STRING		 115
#define ASN1_R_EXPECTING_A_BIT_STRING			 116
#define ASN1_R_EXPECTING_A_PRINTABLE			 117
#define ASN1_R_EXPECTING_A_SEQUENCE			 118
#define ASN1_R_EXPECTING_A_UTCTIME			 119
#define ASN1_R_HEADER_TOO_LONG				 120
#define ASN1_R_LENGTH_ERROR				 121
#define ASN1_R_LENGTH_MISMATCH				 122
#define ASN1_R_MISSING_EOS				 123
#define ASN1_R_NON_HEX_CHARACTERS			 124
#define ASN1_R_NOT_ENOUGH_DATA				 125
#define ASN1_R_NOT_EOC_IN_INDEFINITLE_LENGTH_SEQUENCE	 126
#define ASN1_R_ODD_NUMBER_OF_CHARS			 127
#define ASN1_R_PARSING					 128
#define ASN1_R_PRIVATE_KEY_HEADER_MISSING		 129
#define ASN1_R_THE_ASN1_OBJECT_IDENTIFIER_IS_NOT_KNOWN_FOR_THIS_MD 130
#define ASN1_R_TOO_LONG					 131
#define ASN1_R_UNABLE_TO_DECODE_RSA_KEY			 132
#define ASN1_R_UNABLE_TO_DECODE_RSA_PRIVATE_KEY		 133
#define ASN1_R_UNKNOWN_ATTRIBUTE_TYPE			 134
#define ASN1_R_UNKNOWN_MESSAGE_DIGEST_ALGORITHM		 135
#define ASN1_R_UNKNOWN_OBJECT_TYPE			 136
#define ASN1_R_UNSUPORTED_ENCRYPTION_ALGORITHM		 137
#define ASN1_R_UTCTIME_TOO_LONG				 138
#define ASN1_R_WRONG_EXPLICIT_TAG			 139
#define ASN1_R_WRONG_TAG				 140

#endif
