Retiring leg 4 (bow.Princeton.EDU) because a collision was found.
real collision found between distinguished points:
value = AAA.tfhZ/5w  ( 55895315 ) [leg 3] 
value = AAA.tfhZ/5w  ( 50898574 ) [leg 4] 
backtracking to two previous dist. points:
value = AAAyGIz2Orc  ( 55767545 ) [leg 3] 
value = AAA4vi0XdPM  ( 49903472 ) [leg 4] 
running just val2 value = AAA4vi0XdPM  ( 867332 )
running both:	val1 value = AAAyGIz2Orc
		val2 value = PUEdPSOxuks
useless collision: legs=3,4 (Lambda) leg1len=55895315 leg2len=50898574 total_crypts=1785860193:
value = igzBB5ltrYA	next = VkKkDFRwkeo
value = igzBB5ltrYM	next = VkKkDFRwkeo
Retiring leg 22 (stone.Princeton.EDU) because a collision was found.
real collision found between distinguished points:
value = AAAO26r008k  ( 57218513 ) [leg 12] 
value = AAAO26r008k  ( 86541132 ) [leg 22] 
backtracking to two previous dist. points:
value = AAA0Gvfjsoo  ( 57103241 ) [leg 12] 
value = AAAHS/ROYPw  ( 86334839 ) [leg 22] 
running just val2 value = AAAHS/ROYPw  ( 91021 )
running both:	val1 value = AAA0Gvfjsoo
		val2 value = T.Cy5ZXdmO.
useless collision: legs=12,22 (Lambda) leg1len=57218513 leg2len=86541132 total_crypts=1807294039:
value = ZsF82q/iBZY	next = bpUkssHXjCk
value = ZsF82q/iBZ6	next = bpUkssHXjCk
Retiring leg 21 (tan.Princeton.EDU) because a collision was found.
real collision found between distinguished points:
value = AAAHtHY74tQ  ( 10579690 ) [leg 7] 
value = AAAHtHY74tQ  ( 76129227 ) [leg 21] 
backtracking to two previous dist. points:
value = AAA91X3zLOo  ( 9671587 ) [leg 7] 
value = AAA.cguawsI  ( 75679940 ) [leg 21] 
running just val1 value = AAA91X3zLOo  ( 458816 )
running both:	val1 value = eOj22DqKvcE
		val2 value = AAA.cguawsI
useless collision: legs=7,21 (Lambda) leg1len=10579690 leg2len=76129227 total_crypts=1952837037:
value = ahm3AYyq7Ag	next = wdt.GILsM0o
value = ahm3AYyq7AY	next = wdt.GILsM0o
Retiring leg 9 (dew.Princeton.EDU) because a collision was found.
real collision found between distinguished points:
value = AAAkY9QnDWQ  ( 97301385 ) [leg 1] 
value = AAAkY9QnDWQ  ( 121285200 ) [leg 9] 
backtracking to two previous dist. points:
value = AAAQeG1Oby6  ( 97042453 ) [leg 1] 
value = AAAB0Sy1Z8Q  ( 121005449 ) [leg 9] 
running just val2 value = AAAB0Sy1Z8Q  ( 20819 )
running both:	val1 value = AAAQeG1Oby6
		val2 value = X0chuYr5kTU
useless collision: legs=1,9 (Lambda) leg1len=97301385 leg2len=121285200 total_crypts=2539225620:
value = .FgIF2XTxuc	next = d1YC2PNQn6c
value = .FgIF2XTxus	next = d1YC2PNQn6c
Retiring leg 5 (burn.Princeton.EDU) because a collision was found.
real collision found between distinguished points:
value = AAApnTENmN6  ( 14439675 ) [leg 4] 
value = AAApnTENmN6  ( 104385842 ) [leg 5] 
backtracking to two previous dist. points:
value = AAA7vUS8pu.  ( 14231111 ) [leg 4] 
value = AAAgeOFdtBw  ( 104312813 ) [leg 5] 
running just val1 value = AAA7vUS8pu.  ( 135535 )
running both:	val1 value = u7z3Q2Wslrw
		val2 value = AAAgeOFdtBw
useless collision: legs=4,5 (Lambda) leg1len=14439675 leg2len=104385842 total_crypts=2875219235:
value = LNQf4MWKMc.	next = ZCpGQ0JgXSc
value = LNQf4MWKMcA	next = ZCpGQ0JgXSc
Retiring leg 17 (shine.Princeton.EDU) because a collision was found.
real collision found between distinguished points:
value = AAARzyFbWJI  ( 4355832 ) [leg 25] 
value = AAARzyFbWJI  ( 155029864 ) [leg 17] 
backtracking to two previous dist. points:
value = AAA6VrYYQ16  ( 3591344 ) [leg 25] 
value = AAA32Y1EI0U  ( 154205009 ) [leg 17] 
running just val2 value = AAA32Y1EI0U  ( 60367 )
running both:	val1 value = AAA6VrYYQ16
		val2 value = rqEhzJFuIx.
useless collision: legs=25,17 (Lambda) leg1len=4355832 leg2len=155029864 total_crypts=3244360313:
value = WExjlJL/sLg	next = ytQKkuqSh2A
value = WExjlJL/sLs	next = ytQKkuqSh2A
Retiring leg 27 (dew.Princeton.EDU) because a collision was found.
real collision found between distinguished points:
value = AAAsn/7z90.  ( 94134656 ) [leg 9] 
value = AAAsn/7z90.  ( 35269071 ) [leg 27] 
backtracking to two previous dist. points:
value = AAAeJL9jO1k  ( 92960797 ) [leg 9] 
value = AAAFx8Wqfrw  ( 34457476 ) [leg 27] 
running just val1 value = AAAeJL9jO1k  ( 362264 )
running both:	val1 value = /OIGfdWNZVk
		val2 value = AAAFx8Wqfrw
useless collision: legs=9,27 (Lambda) leg1len=94134656 leg2len=35269071 total_crypts=3276428603:
value = qDpeohcQujY	next = kl6DdkksUW2
value = qDpeohcQuj6	next = kl6DdkksUW2
Retiring leg 26 (tan.Princeton.EDU) because a collision was found.
real collision found between distinguished points:
value = AAAbgXEgbBw  ( 50211562 ) [leg 19] 
value = AAAbgXEgbBw  ( 72466044 ) [leg 26] 
backtracking to two previous dist. points:
value = AAAWZ8kV69w  ( 49641450 ) [leg 19] 
value = AAAy7dtnT0A  ( 71812906 ) [leg 26] 
running just val2 value = AAAy7dtnT0A  ( 83026 )
running both:	val1 value = AAAWZ8kV69w
		val2 value = 3rUeQXV7MPc
useless collision: legs=19,26 (Lambda) leg1len=50211562 leg2len=72466044 total_crypts=3821312157:
value = kifV6HZlT9s	next = PJgK.LUd3ug
value = kifV6HZlT9E	next = PJgK.LUd3ug
Ignoring line sh: fork failed - too many processes
Ignoring line fork: No more processes
Retiring leg 34 (dial.Princeton.EDU) because a collision was found.
real collision found between distinguished points:
value = AAAAHrlji4M  ( 1780299 ) [leg 6] 
value = AAAAHrlji4M  ( 1236428 ) [leg 34] 
backtracking to two previous dist. points:
value = AAAKU1qQ5rg  ( 1057325 ) [leg 6] 
value = AAAFnevPU4o  ( 395651 ) [leg 34] 
running just val2 value = AAAFnevPU4o  ( 117803 )
running both:	val1 value = AAAKU1qQ5rg
		val2 value = 9wb1/EYjANk
useless collision: legs=6,34 (Lambda) leg1len=1780299 leg2len=1236428 total_crypts=3856554659:
value = pR7t8xaUqT2	next = TAJZlc9qnS6
value = pR7t8xaUqTE	next = TAJZlc9qnS6
Retiring leg 39 (set.Princeton.EDU) because a collision was found.
real collision found between distinguished points:
value = AAA/Hp66Mak  ( 82151184 ) [leg 3] 
value = AAA/Hp66Mak  ( 7540555 ) [leg 39] 
backtracking to two previous dist. points:
value = AAA8FrACteM  ( 81692657 ) [leg 3] 
value = AAAg9PFRc6w  ( 7362638 ) [leg 39] 
running just val1 value = AAA8FrACteM  ( 280610 )
running both:	val1 value = tQu6WDBpR/Y
		val2 value = AAAg9PFRc6w
useless collision: legs=3,39 (Lambda) leg1len=82151184 leg2len=7540555 total_crypts=3904379379:
value = Htu62d3uQiA	next = f9AITQkkXNs
value = Htu62d3uQio	next = f9AITQkkXNs
Retiring leg 42 (spot.Princeton.EDU) because a collision was found.
real collision found between distinguished points:
value = AAAkgwRN1uk  ( 78724246 ) [leg 1] 
value = AAAkgwRN1uk  ( 24068999 ) [leg 42] 
backtracking to two previous dist. points:
value = AAA0MtWBEVc  ( 78459789 ) [leg 1] 
value = AAAAxm6FWY2  ( 23683078 ) [leg 42] 
running just val2 value = AAAAxm6FWY2  ( 121464 )
running both:	val1 value = AAA0MtWBEVc
		val2 value = 3TJXBwPhsoE
useless collision: legs=1,42 (Lambda) leg1len=78724246 leg2len=24068999 total_crypts=4001643308:
value = qoCAVlFtL.U	next = YPa1YqqHHok
value = qoCAVlFtL.6	next = YPa1YqqHHok
Retiring leg 38 (roof.Princeton.EDU) because a collision was found.
real collision found between distinguished points:
value = AAAAed7DHp6  ( 145721757 ) [leg 18] 
value = AAAAed7DHp6  ( 37797003 ) [leg 38] 
backtracking to two previous dist. points:
value = AAAm1UhTBkg  ( 145150281 ) [leg 18] 
value = AAAl773qL1k  ( 36781871 ) [leg 38] 
running just val2 value = AAAl773qL1k  ( 443656 )
running both:	val1 value = AAAm1UhTBkg
		val2 value = zceegjsZ5pw
useless collision: legs=18,38 (Lambda) leg1len=145721757 leg2len=37797003 total_crypts=4066430395:
value = 9nsS5rbWk/A	next = /suyit941xQ
value = 9nsS5rbWk/s	next = /suyit941xQ
Retiring leg 45 (dial.Princeton.EDU) because a collision was found.
real collision found between distinguished points:
value = AAAHPhvXgn2  ( 72370833 ) [leg 5] 
value = AAAHPhvXgn2  ( 87830571 ) [leg 45] 
backtracking to two previous dist. points:
value = AAAQF21gYXo  ( 71777481 ) [leg 5] 
value = AAACo5dRA1Q  ( 87507323 ) [leg 45] 
running just val1 value = AAAQF21gYXo  ( 270104 )
running both:	val1 value = yBcTZaXeetY
		val2 value = AAACo5dRA1Q
useless collision: legs=5,45 (Lambda) leg1len=72370833 leg2len=87830571 total_crypts=4709655980:
value = xprGHRS3Jd.	next = I3shxDDrvRs
value = xprGHRS3JdI	next = I3shxDDrvRs
Master waiting on port 7777...
Killing because duplicate seeds.
Killing stone.Princeton.EDU, who reported seed value = 4IsYZCM1AbI
	and value = 4IsYZCM1AbI  ( 0 )
Killing because duplicate seeds.
Killing dial.Princeton.EDU, who reported seed value = .0.stUYpSFS
	and value = .0.stUYpSFS  ( 0 )
Killing because duplicate seeds.
Killing shine.Princeton.EDU, who reported seed value = T1Mb8RBQwE5
	and value = T1Mb8RBQwE5  ( 0 )
Killing because duplicate seeds.
Killing stone.Princeton.EDU, who reported seed value = PtAjEF5Ykod
	and value = PtAjEF5Ykod  ( 0 )
Killing because duplicate seeds.
Killing dial.Princeton.EDU, who reported seed value = .0.stUYpSFS
	and value = .0.stUYpSFS  ( 0 )
Killing because duplicate seeds.
Killing shine.Princeton.EDU, who reported seed value = vtgjEl5YEI9
	and value = vtgjEl5YEI9  ( 0 )
Killing because duplicate seeds.
leg 39 (set.Princeton.EDU) is retired.
Killing dial.Princeton.EDU, who reported seed value = SDptOO/ytdC
	and value = SDptOO/ytdC  ( 0 )
Killing because duplicate seeds.
Killing shine.Princeton.EDU, who reported seed value = UnvJqUDuzrw
	and value = UnvJqUDuzrw  ( 0 )
Killing because duplicate seeds.
Killing dial.Princeton.EDU, who reported seed value = be1ijrSPpwN
	and value = be1ijrSPpwN  ( 0 )
Killing because duplicate seeds.
leg 38 (roof.Princeton.EDU) is retired.
Killing dial.Princeton.EDU, who reported seed value = lSTuvJm7H2z
	and value = lSTuvJm7H2z  ( 0 )
Retiring leg 61 (stone.Princeton.EDU) because a collision was found.
real collision found between distinguished points:
value = AAAJVSrfuOw  ( 17676155 ) [leg 13] 
value = AAAJVSrfuOw  ( 2615222 ) [leg 61] 
backtracking to two previous dist. points:
value = AAAJuyAsFe.  ( 17544809 ) [leg 13] 
value = AAADsHGLHK2  ( 2210048 ) [leg 61] 
running just val2 value = AAADsHGLHK2  ( 273828 )
running both:	val1 value = AAAJuyAsFe.
		val2 value = qbq259lxfmc
useless collision: legs=13,61 (Lambda) leg1len=17676155 leg2len=2615222 total_crypts=4803036520:
value = x0CBc8ojt3M	next = 38pdyAqAfj.
value = x0CBc8ojt3Q	next = 38pdyAqAfj.
leg 61 (stone.Princeton.EDU) is retired.
Killing stone.Princeton.EDU, who reported seed value = r.lCDbyvZg9
	and value = AAAJVSrfuOw  ( 2615222 )
Killing because duplicate seeds.
Killing screen.Princeton.EDU, who reported seed value = vtgjEl5YEI9
	and value = vtgjEl5YEI9  ( 0 )
Killing because duplicate seeds.
Killing stone.Princeton.EDU, who reported seed value = T1Mb8RBQwE5
	and value = T1Mb8RBQwE5  ( 0 )
Killing because duplicate seeds.
Killing stroke.Princeton.EDU, who reported seed value = Cj5NuefS9tS
	and value = Cj5NuefS9tS  ( 0 )
Killing because duplicate seeds.
Killing shade.Princeton.EDU, who reported seed value = ZhevQjNECuD
	and value = ZhevQjNECuD  ( 0 )
Retiring leg 69 (bonnet.Princeton.EDU) because a collision was found.
real collision found between distinguished points:
value = AAA.tfhZ/5w  ( 55895315 ) [leg 3] 
value = AAA.tfhZ/5w  ( 7899103 ) [leg 69] 
backtracking to two previous dist. points:
value = AAAyGIz2Orc  ( 55767545 ) [leg 3] 
value = AAAjZu1oHfQ  ( 7097061 ) [leg 69] 
running just val2 value = AAAjZu1oHfQ  ( 674272 )
running both:	val1 value = AAAyGIz2Orc
		val2 value = PUEdPSOxuks
useless collision: legs=3,69 (Lambda) leg1len=55895315 leg2len=7899103 total_crypts=4939480376:
value = igzBB5ltrYA	next = VkKkDFRwkeo
value = igzBB5ltrYM	next = VkKkDFRwkeo
leg 69 (bonnet.Princeton.EDU) is retired.
Killing bonnet.Princeton.EDU, who reported seed value = 1yDOP5Gb3mj
	and value = AAA.tfhZ/5w  ( 7899103 )
Killing because duplicate seeds.
Killing bird.Princeton.EDU, who reported seed value = 56PGHFOTDC/
	and value = 56PGHFOTDC/  ( 0 )
Killing because duplicate seeds.
Killing dry.Princeton.EDU, who reported seed value = 83n5aMTerDI
	and value = 83n5aMTerDI  ( 0 )
Killing because duplicate seeds.
Killing bonnet.Princeton.EDU, who reported seed value = UnvJqUDuzrw
	and value = UnvJqUDuzrw  ( 0 )
Killing because duplicate seeds.
Killing bird.Princeton.EDU, who reported seed value = 83n5aMTerDI
	and value = 83n5aMTerDI  ( 0 )
Killing because duplicate seeds.
leg 27 (dew.Princeton.EDU) is retired.
Killing bonnet.Princeton.EDU, who reported seed value = dC7./xWLv.7
	and value = dC7./xWLv.7  ( 0 )
Killing because duplicate seeds.
Killing bird.Princeton.EDU, who reported seed value = Q40opK8FIDw
	and value = Q40opK8FIDw  ( 0 )
Killing because duplicate seeds.
Killing bonnet.Princeton.EDU, who reported seed value = L.FCD7yv5Ad
	and value = L.FCD7yv5Ad  ( 0 )
Killing because duplicate seeds.
leg 4 (bow.Princeton.EDU) is retired.
Killing bird.Princeton.EDU, who reported seed value = KMiUV4wR2Zm
	and value = KMiUV4wR2Zm  ( 0 )
Killing because rcvd non-distinguished point.
Killing bonnet.Princeton.EDU, who reported seed value = yDJtOu/yN9i
	and value = yDJtOu/yN9i  ( 0 )
Killing because duplicate seeds.
Killing bird.Princeton.EDU, who reported seed value = 3WJqr/KX90R
	and value = 3WJqr/KX90R  ( 0 )
Killing because duplicate seeds.
Killing bird.Princeton.EDU, who reported seed value = bFkLspRAI8x
	and value = bFkLspRAI8x  ( 0 )
Killing because duplicate seeds.
leg 38 (roof.Princeton.EDU) is retired.
Killing bird.Princeton.EDU, who reported seed value = lSTuvJm7H2z
	and value = lSTuvJm7H2z  ( 0 )
Killing because duplicate seeds.
leg 42 (spot.Princeton.EDU) is retired.
Killing bird.Princeton.EDU, who reported seed value = g/TxS4bWX/E
	and value = g/TxS4bWX/E  ( 0 )
Killing because duplicate seeds.
Killing bird.Princeton.EDU, who reported seed value = qMCUVYwRW5G
	and value = qMCUVYwRW5G  ( 0 )
Killing because duplicate seeds.
leg 5 (burn.Princeton.EDU) is retired.
Killing bird.Princeton.EDU, who reported seed value = GrFFmqnKJJu
	and value = GrFFmqnKJJu  ( 0 )
Killing because duplicate seeds.
Killing bird.Princeton.EDU, who reported seed value = PGR67H6nFc5
	and value = PGR67H6nFc5  ( 0 )
Killing because duplicate seeds.
Killing bird.Princeton.EDU, who reported seed value = YIMYZiM1g7o
	and value = YIMYZiM1g7o  ( 0 )
Killing because duplicate seeds.
leg 26 (tan.Princeton.EDU) is retired.
Killing bird.Princeton.EDU, who reported seed value = vGx67n6nl8Z
	and value = vGx67n6nl8Z  ( 0 )
Killing because duplicate seeds.
Killing bird.Princeton.EDU, who reported seed value = ZhevQjNECuD
	and value = ZhevQjNECuD  ( 0 )
Killing because duplicate seeds.
Killing bird.Princeton.EDU, who reported seed value = T1Mb8RBQwE5
	and value = T1Mb8RBQwE5  ( 0 )
Killing because rcvd non-distinguished point.
Killing bird.Princeton.EDU, who reported seed value = WkG89cI5at6
	and value = WkG89cI5at6  ( 0 )
Killing because duplicate seeds.
leg 17 (shine.Princeton.EDU) is retired.
Killing bird.Princeton.EDU, who reported seed value = cQYQRuUtsXE
	and value = cQYQRuUtsXE  ( 0 )
Retiring leg 64 (spot.Princeton.EDU) because a collision was found.
real collision found between distinguished points:
value = AAAh/Us2ajw  ( 139235208 ) [leg 1] 
value = AAAh/Us2ajw  ( 27462561 ) [leg 64] 
backtracking to two previous dist. points:
value = AAAqOwXMmcI  ( 138773200 ) [leg 1] 
value = AAAQqNRuSKM  ( 27295155 ) [leg 64] 
running just val1 value = AAAqOwXMmcI  ( 294602 )
running both:	val1 value = rFW0h6KKbhw
		val2 value = AAAQqNRuSKM
useless collision: legs=1,64 (Lambda) leg1len=139235208 leg2len=27462561 total_crypts=5137550627:
value = 8oVwivwyY9Q	next = dYHvkc.Bx7s
value = 8oVwivwyY9I	next = dYHvkc.Bx7s
leg 64 (spot.Princeton.EDU) is retired.
Killing spot.Princeton.EDU, who reported seed value = 5h.vQDNEiOj
	and value = AAAh/Us2ajw  ( 27462561 )
Killing because duplicate seeds.
Killing bow.Princeton.EDU, who reported seed value = Q40opK8FIDw
	and value = Q40opK8FIDw  ( 0 )
Killing because rcvd non-distinguished point.
Killing rise.Princeton.EDU, who reported seed value = NiLefB2r/OL
	and value = NiLefB2r/OL  ( 0 )
Killing because duplicate seeds.
Killing bird.Princeton.EDU, who reported seed value = TOdyzTCfR4V
	and value = TOdyzTCfR4V  ( 0 )
Killing because duplicate seeds.
Killing roof.Princeton.EDU, who reported seed value = TOdyzTCfR4V
	and value = TOdyzTCfR4V  ( 0 )
Killing because duplicate seeds.
Killing bow.Princeton.EDU, who reported seed value = YIMYZiM1g7o
	and value = YIMYZiM1g7o  ( 0 )
Killing because duplicate seeds.
Killing rise.Princeton.EDU, who reported seed value = Mwowx.0N8nU
	and value = Mwowx.0N8nU  ( 0 )
Killing because duplicate seeds.
Killing bird.Princeton.EDU, who reported seed value = PGR67H6nFc5
	and value = PGR67H6nFc5  ( 0 )
Killing because duplicate seeds.
Killing roof.Princeton.EDU, who reported seed value = mrlFmKnKppO
	and value = mrlFmKnKppO  ( 0 )
Killing because duplicate seeds.
Killing bow.Princeton.EDU, who reported seed value = C8Kklgghehu
	and value = C8Kklgghehu  ( 0 )
Killing because duplicate seeds.
Killing roof.Princeton.EDU, who reported seed value = MXXZ68z.bz4
	and value = MXXZ68z.bz4  ( 0 )
Killing because duplicate seeds.
Killing roof.Princeton.EDU, who reported seed value = mE2cdMoZKdq
	and value = mE2cdMoZKdq  ( 0 )
Killing because duplicate seeds.
Killing roof.Princeton.EDU, who reported seed value = T1Mb8RBQwE5
	and value = T1Mb8RBQwE5  ( 0 )
Killing because duplicate seeds.
leg 5 (burn.Princeton.EDU) is retired.
Killing roof.Princeton.EDU, who reported seed value = GrFFmqnKJJu
	and value = GrFFmqnKJJu  ( 0 )
Retiring leg 75 (bonnet.Princeton.EDU) because a collision was found.
real collision found between distinguished points:
value = AAAHgBGzD/.  ( 91408141 ) [leg 19] 
value = AAAHgBGzD/.  ( 19220498 ) [leg 75] 
backtracking to two previous dist. points:
value = AAAqGSsCCvc  ( 91232970 ) [leg 19] 
value = AAAbJ6I2uLg  ( 18690882 ) [leg 75] 
running just val2 value = AAAbJ6I2uLg  ( 354445 )
running both:	val1 value = AAAqGSsCCvc
		val2 value = 238.rRvLbxM
useless collision: legs=19,75 (Lambda) leg1len=91408141 leg2len=19220498 total_crypts=5185764230:
value = KQ2M6WYteus	next = wKV0jrK3oD2
value = KQ2M6WYteuk	next = wKV0jrK3oD2
leg 75 (bonnet.Princeton.EDU) is retired.
Killing bonnet.Princeton.EDU, who reported seed value = juNSTDi/BoF
	and value = AAAHgBGzD/.  ( 19220498 )
Killing because duplicate seeds.
Killing bonnet.Princeton.EDU, who reported seed value = T1Mb8RBQwE5
	and value = T1Mb8RBQwE5  ( 0 )
Killing because duplicate seeds.
Killing tan.Princeton.EDU, who reported seed value = BKn23deDb63
	and value = BKn23deDb63  ( 0 )
Killing because duplicate seeds.
Killing shine.Princeton.EDU, who reported seed value = PGR67H6nFc5
	and value = PGR67H6nFc5  ( 0 )
Killing because duplicate seeds.
Killing bonnet.Princeton.EDU, who reported seed value = 3WJqr/KX90R
	and value = 3WJqr/KX90R  ( 0 )
Killing because duplicate seeds.
Killing bonnet.Princeton.EDU, who reported seed value = Ioc45ysVwL4
	and value = Ioc45ysVwL4  ( 0 )
Killing because duplicate seeds.
Killing bonnet.Princeton.EDU, who reported seed value = be1ijrSPpwN
	and value = be1ijrSPpwN  ( 0 )
Killing because duplicate seeds.
Killing bonnet.Princeton.EDU, who reported seed value = WkG89cI5at6
	and value = WkG89cI5at6  ( 0 )
Killing because duplicate seeds.
leg 27 (dew.Princeton.EDU) is retired.
Killing bonnet.Princeton.EDU, who reported seed value = dC7./xWLv.7
	and value = dC7./xWLv.7  ( 0 )
Killing because duplicate seeds.
leg 42 (spot.Princeton.EDU) is retired.
Killing bonnet.Princeton.EDU, who reported seed value = g/TxS4bWX/E
	and value = g/TxS4bWX/E  ( 0 )
Killing because duplicate seeds.
Killing bonnet.Princeton.EDU, who reported seed value = qMCUVYwRW5G
	and value = qMCUVYwRW5G  ( 0 )
Killing because duplicate seeds.
Killing set.Princeton.EDU, who reported seed value = L.FCD7yv5Ad
	and value = L.FCD7yv5Ad  ( 0 )
Killing because duplicate seeds.
Killing set.Princeton.EDU, who reported seed value = hx2fA7d0am7
	and value = hx2fA7d0am7  ( 0 )
Retiring leg 63 (dial.Princeton.EDU) because a collision was found.
real collision found between distinguished points:
value = AAAttdSqw0Y  ( 19365068 ) [leg 66] 
value = AAAttdSqw0Y  ( 86081927 ) [leg 63] 
backtracking to two previous dist. points:
value = AAA7/4Nngio  ( 18156767 ) [leg 66] 
value = AAAcpCdXKio  ( 84979206 ) [leg 63] 
running just val1 value = AAA7/4Nngio  ( 105580 )
running both:	val1 value = norwiRucMmM
		val2 value = AAAcpCdXKio
useless collision: legs=66,63 (Lambda) leg1len=19365068 leg2len=86081927 total_crypts=5780955639:
value = uG9n/UEdczg	next = igzbIojc54Y
value = uG9n/UEdcz6	next = igzbIojc54Y
leg 63 (dial.Princeton.EDU) is retired.
Killing dial.Princeton.EDU, who reported seed value = wfDRyo72Hv0
	and value = AAAttdSqw0Y  ( 86081927 )
Retiring leg 94 (rise.Princeton.EDU) because a collision was found.
real collision found between distinguished points:
value = AAAkLECQJ1I  ( 137983115 ) [leg 12] 
value = AAAkLECQJ1I  ( 8504047 ) [leg 94] 
backtracking to two previous dist. points:
value = AAAReO/.GzA  ( 137249015 ) [leg 12] 
value = AAAUkJC4iKQ  ( 8178504 ) [leg 94] 
running just val1 value = AAAReO/.GzA  ( 408557 )
running both:	val1 value = bmhpS0E61oQ
		val2 value = AAAUkJC4iKQ
useless collision: legs=12,94 (Lambda) leg1len=137983115 leg2len=8504047 total_crypts=5880478695:
value = ptn0zw2ipkA	next = Zx4dn8R8JnY
value = ptn0zw2ipkw	next = Zx4dn8R8JnY
leg 94 (rise.Princeton.EDU) is retired.
Killing rise.Princeton.EDU, who reported seed value = 8OKdYjF1JNN
	and value = AAAkLECQJ1I  ( 8504047 )
Retiring leg 87 (shine.Princeton.EDU) because a collision was found.
real collision found between distinguished points:
value = AAAi58Wak1.  ( 74941758 ) [leg 77] 
value = AAAi58Wak1.  ( 85530265 ) [leg 87] 
backtracking to two previous dist. points:
value = AAANqVJ7iNY  ( 74518070 ) [leg 77] 
value = AAAg8IFyBLU  ( 85275516 ) [leg 87] 
running just val1 value = AAANqVJ7iNY  ( 168939 )
running both:	val1 value = f2fAjkcTsT.
		val2 value = AAAg8IFyBLU
Cool! legs=77,87 (Lambda) leg1len=74941758 leg2len=85530265 total_crypts=6135651666:
value = Hx2NGGMda3o	next = yX8CL2luKyI
value = s8gnB9Gw1jg	next = yX8CL2luKyI
leg 87 (shine.Princeton.EDU) is retired.
Killing shine.Princeton.EDU, who reported seed value = fNwDk1Z4UYN
	and value = AAAi58Wak1.  ( 85530265 )
Retiring leg 79 (spot.Princeton.EDU) because a collision was found.
real collision found between distinguished points:
value = AAAbD.tmcWU  ( 161015808 ) [leg 13] 
value = AAAbD.tmcWU  ( 157477581 ) [leg 79] 
backtracking to two previous dist. points:
value = AAACmXhz75A  ( 160959245 ) [leg 13] 
value = AAA.pHe2zzk  ( 157213473 ) [leg 79] 
running just val2 value = AAA.pHe2zzk  ( 207545 )
running both:	val1 value = AAACmXhz75A
		val2 value = PrHP8OT/Gq6
useless collision: legs=13,79 (Lambda) leg1len=161015808 leg2len=157477581 total_crypts=6543351659:
value = EC3RQZE.SOg	next = 3C7uVHFdDEE
value = EC3RQZE.SOc	next = 3C7uVHFdDEE
leg 79 (spot.Princeton.EDU) is retired.
Killing spot.Princeton.EDU, who reported seed value = mE2cdMoZKdq
	and value = AAAbD.tmcWU  ( 157477581 )
