This is TeX, C Version 2.93 (Multilingual) (preloaded format=lplain 90.1.15)  27 AUG 1991 16:13
**&lplain runecpp.tex
(runecpp.tex
LaTeX Version 2.09 <4 Aug 1988>
(/usr/local/lib/tex/inputs/report.sty
Document Style `report' <26 Apr 88>/multilingual 1-nov-89 +++.
(/usr/local/lib/tex/inputs/rep11.sty)
\descriptionmargin=\dimen99
\c@part=\count78
\c@chapter=\count79
\c@section=\count80
\c@subsection=\count81
\c@subsubsection=\count82
\c@paragraph=\count83
\c@subparagraph=\count84
\c@figure=\count85
\c@table=\count86
 (/usr/local/lib/tex/inputs/titlepage.sty)) (/usr/local/lib/tex/inputs/fullpage
.sty) (runecpp.aux) [0

] [1] (runecpp.aux) 
Here is how much of TeX's memory you used:
 176 strings out of 3504
 1784 string characters out of 37633
 30776 words of memory out of 262141
 2133 multiletter control sequences out of 9500
 18996 words of font info for 72 fonts, out of 72000 for 240
 19 hyphenation exceptions out of 607
 12i,7n,15p,217b,246s stack positions out of 300i,40n,60p,4000b,4000s

Output written on runecpp.dvi (2 pages, 1808 bytes).
