		      DEA v.2.0x STATISTICS EVALUATION PACKAGE
		      ----------------------------------------

ARCHIVE NAME................... DEA2TECH.ZIP
NUMBER OF FILES................ 13
RELEASE DATE................... February 14, 1994

CONTENTS:

	   executable files                  document files
	   ----------------                  --------------

	   DEA-STAT.EXE                       DEA2TECH.DOC
	   GENKEY.EXE
	   KEYVIEW.EXE
	   BZ.COM                            related file(s)
	   ADNGRAMC.EXE                      ---------------
	   LDIV.EXE
	   LDIV-S.EXE                        DEA.KEY

			  'C' source code
			  ---------------
			      LDIV.C
			      LDIV-S.C
	   PACKING.LST
	   FILE_ID.DIZ
___________________________________________________________________________

