This is TeX, C Version 3.14t3 (format=lplain 92.1.14)  29 FEB 1992 17:34
**cryptlesson.tex
(cryptlesson.tex
LaTeX Version 2.09 <7 Dec 1989>
(/usr/local/lib/tex/inputs/article.sty
Document Style `article' <16 Mar 88>.
(/usr/local/lib/tex/inputs/art12.sty)
\c@part=\count79
\c@section=\count80
\c@subsection=\count81
\c@subsubsection=\count82
\c@paragraph=\count83
\c@subparagraph=\count84
\c@figure=\count85
\c@table=\count86
)
No file cryptlesson.aux.
No file cryptlesson.toc.
\tf@toc=\write3
\c@Th=\count87
[1

] [2]
LaTeX Warning: Reference `pl' on page 3 undefined.
[3] [4]
Overfull \hbox (11.02519pt too wide) in paragraph at lines 165--170
 [] 

\hbox(24.74998+18.74997)x390.0
.\glue(\leftskip) 0.0 plus 1.0fil
.\hbox(24.74998+18.74997)x401.02519
..\mathon
..\vbox(24.74998+18.74997)x401.02519
...\hbox(10.14995+4.35004)x401.02519 []
...\glue(\lineskip) 0.0
...\hbox(10.14995+4.35004)x401.02519 []
...\glue(\lineskip) 0.0
...\hbox(10.14995+4.35004)x401.02519 []
..\mathoff
.\penalty 10000
.\glue(\parfillskip) 0.0
.\glue(\rightskip) 0.0 plus 1.0fil

[5] [6]
LaTeX Warning: Reference `T1' on page 7 undefined.
LaTeX Warning: Reference `T1' on page 7 undefined.
LaTeX Warning: Reference `T1' on page 7 undefined.
[7]
LaTeX Warning: Reference `proot' on page 8 undefined.
LaTeX Warning: Reference `proot' on page 8 undefined.
LaTeX Warning: Reference `proot' on page 8 undefined.
LaTeX Warning: Reference `PF' on page 8 undefined.
[8]
LaTeX Warning: Reference `Fe' on page 9 undefined.
LaTeX Warning: Reference `Fe' on page 9 undefined.
LaTeX Warning: Reference `proot' on page 9 undefined.
LaTeX Warning: Reference `numth' on page 9 undefined.
LaTeX Warning: Reference `di' on page 9 undefined.
[9]
LaTeX Warning: Reference `proot' on page 10 undefined.
LaTeX Warning: Reference `proot' on page 10 undefined.
LaTeX Warning: Reference `B' on page 10 undefined.
[10]
LaTeX Warning: Reference `T1' on page 11 undefined.
LaTeX Warning: Reference `di' on page 11 undefined.
LaTeX Warning: Reference `di' on page 11 undefined.
[11] [12] [13]
Overfull \hbox (12.11282pt too wide) in paragraph at lines 445--445
[]\svtnbf Subset-Sum (Knap-sack) prob-lems and their

\hbox(12.95999+4.31999)x390.0, glue set - 1.0
.\hbox(11.13599+0.0)x29.80783
..\glue 0.0
..\svtnbf 4
..\glue 19.87189
.\svtnbf S
.\svtnbf u
.\svtnbf b
.\svtnbf s
.etc.

[14]
Overfull \hbox (0.5036pt too wide) in paragraph at lines 460--462
\twlit prob-lem. Then we could solve a subset-sum prob-lem us-ing the as-sumed 
method

\hbox(8.33331+2.33331)x390.0, glue set - 1.0
.\twlit p
.\twlit r
.\kern-0.6
.\twlit o
.\twlit b
.etc.

LaTeX Warning: Reference `Ra' on page 15 undefined.
LaTeX Warning: Reference `re' on page 15 undefined.
[15]
LaTeX Warning: Reference `NP' on page 16 undefined.
[16] [17]
Overfull \hbox (24.55922pt too wide) in paragraph at lines 566--566
[]\svtnbf Subset-Sum Prob-lems and NP-Completeness[] 

\hbox(12.0+3.36)x390.0, glue set - 1.0
.\hbox(11.13599+0.0)x29.80783
..\glue 0.0
..\svtnbf 5
..\glue 19.87189
.\svtnbf S
.\svtnbf u
.\svtnbf b
.\svtnbf s
.etc.

[18]
LaTeX Warning: Reference `EP' on page 19 undefined.
[19]
LaTeX Warning: Reference `EP' on page 20 undefined.
LaTeX Warning: Reference `UGH' on page 20 undefined.
[20]
LaTeX Warning: Reference `UGH' on page 21 undefined.
LaTeX Warning: Reference `UGH' on page 21 undefined.
[21]
Overfull \hbox (25.43254pt too wide) in paragraph at lines 691--696
\twlrm If $\twlmi V; W; X$ \twlrm rep-re-sent three one-digit num-bers (0 or 1)
, the for-mu-las $\twlsy S\twlrm (\twlmi V; W; X; Y; Z\twlrm )$

\hbox(9.0+3.0)x390.0, glue set - 1.0
.\twlrm I
.\twlrm f
.\glue 3.91663 plus 1.95831 minus 1.30554
.\mathon
.\twlmi V
.etc.

[22]
LaTeX Warning: Reference `S' on page 23 undefined.
LaTeX Warning: Reference `S' on page 23 undefined.
LaTeX Warning: Reference `SSP' on page 23 undefined.
[23] [24] [25] [26] [27]
LaTeX Warning: Reference `prod' on page 28 undefined.
LaTeX Warning: Reference `kn1' on page 28 undefined.
LaTeX Warning: Reference `kn2' on page 28 undefined.
[28]
LaTeX Warning: Reference `weak' on page 29 undefined.
LaTeX Warning: Reference `weak' on page 29 undefined.

Overfull \hbox (32.6246pt too wide) in alignment at lines 906--910
 [] [] [] [] 

\hbox(0.0+0.0)x390.0
.\glue(\tabskip) 0.0 plus 1000.0
.\unsetbox(0.0+0.0)x0.0
.\glue(\tabskip) 0.0
.\unsetbox(0.0+0.0)x10.0
.\glue(\tabskip) 0.0
.etc.

LaTeX Warning: Reference `weak' on page 29 undefined.
LaTeX Warning: Reference `strong' on page 29 undefined.
LaTeX Warning: Reference `strong' on page 29 undefined.
LaTeX Warning: Reference `Sa' on page 29 undefined.
[29]
Overfull \hbox (1.79114pt too wide) in alignment at lines 941--946
 [] [] [] [] 

\hbox(0.0+0.0)x390.0
.\glue(\tabskip) 0.0 plus 1000.0
.\unsetbox(0.0+0.0)x148.11354
.\glue(\tabskip) 0.0
.\unsetbox(0.0+0.0)x19.33336
.\glue(\tabskip) 0.0
.etc.

LaTeX Warning: Reference `weak' on page 30 undefined.
LaTeX Warning: Reference `strong' on page 30 undefined.
[30]
LaTeX Warning: Reference `prim' on page 31 undefined.
LaTeX Warning: Reference `Jac' on page 31 undefined.
[31]
LaTeX Warning: Reference `weak' on page 32 undefined.
LaTeX Warning: Reference `strong' on page 32 undefined.
LaTeX Warning: Reference `samp' on page 32 undefined.
LaTeX Warning: Reference `samp' on page 32 undefined.
[32]
LaTeX Warning: Reference `pro' on page 33 undefined.
[33]
LaTeX Warning: Reference `Ra' on page 34 undefined.
LaTeX Warning: Reference `kn2' on page 34 undefined.
[34]
LaTeX Warning: Reference `R' on page 35 undefined.
[35]
LaTeX Warning: Reference `UU' on page 36 undefined.
[36]
LaTeX Warning: Reference `kn2' on page 37 undefined.
[37] [38]
LaTeX Warning: Reference `Sa' on page 39 undefined.
[39]
LaTeX Warning: Reference `kch' on page 40 undefined.
[40]
LaTeX Warning: Reference `but' on page 41 undefined.
LaTeX Warning: Reference `but' on page 41 undefined.
LaTeX Warning: Reference `ado' on page 41 undefined.

Overfull \hbox (18.00934pt too wide) in alignment at lines 1308--1310
 [] [] [] [] 

\hbox(0.0+0.0)x390.0
.\glue(\tabskip) 0.0 plus 1000.0
.\unsetbox(0.0+0.0)x270.02107
.\glue(\tabskip) 0.0
.\unsetbox(0.0+0.0)x22.47208
.\glue(\tabskip) 0.0
.etc.

[41]
LaTeX Warning: Reference `kch' on page 42 undefined.
[42] (cryptlesson.aux)
LaTeX Warning: Label(s) may have changed. Rerun to get cross-references right.
 ) 
Here is how much of TeX's memory you used:
 199 strings out of 4463
 1678 string characters out of 63241
 36082 words of memory out of 262141
 2149 multiletter control sequences out of 9500
 18996 words of font info for 72 fonts, out of 72000 for 255
 14 hyphenation exceptions out of 607
 13i,12n,15p,181b,221s stack positions out of 300i,40n,60p,3000b,4000s

Output written on cryptlesson.dvi (42 pages, 121728 bytes).
